0 verbose cli /usr/local/bin/node /usr/local/bin/npm
1 info using npm@10.8.2
2 info using node@v20.18.0
3 silly config load:file:/usr/local/lib/node_modules/npm/npmrc
4 silly config load:file:/data/.npmrc
5 silly config load:file:/usr/src/node-red/.npmrc
6 silly config load:file:/usr/local/etc/npmrc
7 verbose title npm install node-red-contrib-kafka-client@0.1.0
8 verbose argv "install" "--no-audit" "--no-update-notifier" "--no-fund" "--save" "--save-prefix" "~" "--omit" "dev" "--engine-strict" "node-red-contrib-kafka-client@0.1.0"
9 verbose logfile logs-max:10 dir:/data/.npm/_logs/2024-10-11T20_07_35_150Z-
10 verbose logfile /data/.npm/_logs/2024-10-11T20_07_35_150Z-debug-0.log
11 silly packumentCache heap:2197815296 maxSize:549453824 maxEntrySize:274726912
12 silly logfile done cleaning log files
13 silly idealTree buildDeps
14 silly fetch manifest node-red-contrib-kafka-client@0.1.0
15 silly packumentCache full:https://registry.npmjs.org/node-red-contrib-kafka-client cache-miss
16 http fetch GET 200 https://registry.npmjs.org/node-red-contrib-kafka-client 712ms (cache miss)
17 silly packumentCache full:https://registry.npmjs.org/node-red-contrib-kafka-client set size:undefined disposed:false
18 silly placeDep ROOT node-red-contrib-kafka-client@0.1.0 OK for: node-red-project@0.0.1 want: 0.1.0
19 silly fetch manifest kafka-node@^5.0.0
20 silly packumentCache full:https://registry.npmjs.org/kafka-node cache-miss
21 http fetch GET 200 https://registry.npmjs.org/kafka-node 620ms (cache miss)
22 silly packumentCache full:https://registry.npmjs.org/kafka-node set size:undefined disposed:false
23 silly placeDep ROOT kafka-node@5.0.0 OK for: node-red-contrib-kafka-client@0.1.0 want: ^5.0.0
24 silly fetch manifest async@^2.6.2
25 silly packumentCache full:https://registry.npmjs.org/async cache-miss
26 silly fetch manifest binary@~0.3.0
27 silly packumentCache full:https://registry.npmjs.org/binary cache-miss
28 silly fetch manifest bl@^2.2.0
29 silly packumentCache full:https://registry.npmjs.org/bl cache-miss
30 silly fetch manifest buffer-crc32@~0.2.5
31 silly packumentCache full:https://registry.npmjs.org/buffer-crc32 cache-miss
32 silly fetch manifest buffermaker@~1.2.0
33 silly packumentCache full:https://registry.npmjs.org/buffermaker cache-miss
34 silly fetch manifest denque@^1.3.0
35 silly packumentCache full:https://registry.npmjs.org/denque cache-miss
36 silly fetch manifest lodash@^4.17.4
37 silly packumentCache full:https://registry.npmjs.org/lodash cache-miss
38 silly fetch manifest minimatch@^3.0.2
39 silly packumentCache full:https://registry.npmjs.org/minimatch cache-miss
40 silly fetch manifest nested-error-stacks@^2.0.0
41 silly packumentCache full:https://registry.npmjs.org/nested-error-stacks cache-miss
42 silly fetch manifest optional@^0.1.3
43 silly packumentCache full:https://registry.npmjs.org/optional cache-miss
44 silly fetch manifest retry@^0.10.1
45 silly packumentCache full:https://registry.npmjs.org/retry cache-miss
46 http fetch GET 200 https://registry.npmjs.org/async 71ms (cache miss)
47 silly packumentCache full:https://registry.npmjs.org/async set size:undefined disposed:false
48 silly fetch manifest uuid@^3.0.0
49 silly packumentCache full:https://registry.npmjs.org/uuid cache-miss
50 http fetch GET 200 https://registry.npmjs.org/buffer-crc32 96ms (cache miss)
51 silly packumentCache full:https://registry.npmjs.org/buffer-crc32 set size:undefined disposed:false
52 silly fetch manifest snappy@^6.0.1
53 silly packumentCache full:https://registry.npmjs.org/snappy cache-miss
54 http fetch GET 200 https://registry.npmjs.org/binary 106ms (cache miss)
55 silly packumentCache full:https://registry.npmjs.org/binary set size:undefined disposed:false
56 http fetch GET 200 https://registry.npmjs.org/retry 103ms (cache miss)
57 silly packumentCache full:https://registry.npmjs.org/retry set size:undefined disposed:false
58 http fetch GET 200 https://registry.npmjs.org/denque 108ms (cache miss)
59 silly packumentCache full:https://registry.npmjs.org/denque set size:undefined disposed:false
60 http fetch GET 200 https://registry.npmjs.org/optional 111ms (cache miss)
61 silly packumentCache full:https://registry.npmjs.org/optional set size:undefined disposed:false
62 http fetch GET 200 https://registry.npmjs.org/lodash 120ms (cache miss)
63 silly packumentCache full:https://registry.npmjs.org/lodash set size:undefined disposed:false
64 http fetch GET 200 https://registry.npmjs.org/uuid 57ms (cache miss)
65 silly packumentCache full:https://registry.npmjs.org/uuid set size:undefined disposed:false
66 http fetch GET 200 https://registry.npmjs.org/bl 136ms (cache miss)
67 silly packumentCache full:https://registry.npmjs.org/bl set size:undefined disposed:false
68 http fetch GET 200 https://registry.npmjs.org/minimatch 137ms (cache miss)
69 silly packumentCache full:https://registry.npmjs.org/minimatch set size:undefined disposed:false
70 http fetch GET 200 https://registry.npmjs.org/snappy 73ms (cache miss)
71 silly packumentCache full:https://registry.npmjs.org/snappy set size:undefined disposed:false
72 http fetch GET 200 https://registry.npmjs.org/nested-error-stacks 689ms (cache miss)
73 silly packumentCache full:https://registry.npmjs.org/nested-error-stacks set size:undefined disposed:false
74 http fetch GET 200 https://registry.npmjs.org/buffermaker 750ms (cache miss)
75 silly packumentCache full:https://registry.npmjs.org/buffermaker set size:undefined disposed:false
76 silly placeDep ROOT async@2.6.4 OK for: kafka-node@5.0.0 want: ^2.6.2
77 silly placeDep ROOT binary@0.3.0 OK for: kafka-node@5.0.0 want: ~0.3.0
78 silly placeDep ROOT bl@2.2.1 OK for: kafka-node@5.0.0 want: ^2.2.0
79 silly placeDep ROOT buffer-crc32@0.2.13 OK for: kafka-node@5.0.0 want: ~0.2.5
80 silly placeDep ROOT buffermaker@1.2.1 OK for: kafka-node@5.0.0 want: ~1.2.0
81 silly placeDep ROOT denque@1.5.1 OK for: kafka-node@5.0.0 want: ^1.3.0
82 silly placeDep ROOT lodash@4.17.21 OK for: kafka-node@5.0.0 want: ^4.17.4
83 silly placeDep ROOT minimatch@3.1.2 OK for: kafka-node@5.0.0 want: ^3.0.2
84 silly placeDep ROOT nested-error-stacks@2.1.1 OK for: kafka-node@5.0.0 want: ^2.0.0
85 silly placeDep ROOT optional@0.1.4 OK for: kafka-node@5.0.0 want: ^0.1.3
86 silly placeDep ROOT retry@0.10.1 OK for: kafka-node@5.0.0 want: ^0.10.1
87 silly placeDep ROOT snappy@6.3.5 OK for: kafka-node@5.0.0 want: ^6.0.1
88 silly placeDep ROOT uuid@3.4.0 OK for: kafka-node@5.0.0 want: ^3.0.0
89 silly fetch manifest lodash@^4.17.14
90 silly packumentCache full:https://registry.npmjs.org/lodash cache-miss
91 silly fetch manifest chainsaw@~0.1.0
92 silly packumentCache full:https://registry.npmjs.org/chainsaw cache-miss
93 silly fetch manifest buffers@~0.1.1
94 silly packumentCache full:https://registry.npmjs.org/buffers cache-miss
95 silly fetch manifest readable-stream@^2.3.5
96 silly packumentCache full:https://registry.npmjs.org/readable-stream cache-miss
97 silly fetch manifest long@1.1.2
98 silly packumentCache full:https://registry.npmjs.org/long cache-miss
99 silly fetch manifest brace-expansion@^1.1.7
100 silly packumentCache full:https://registry.npmjs.org/brace-expansion cache-miss
101 silly fetch manifest bindings@^1.3.1
102 silly packumentCache full:https://registry.npmjs.org/bindings cache-miss
103 silly fetch manifest nan@^2.14.1
104 silly packumentCache full:https://registry.npmjs.org/nan cache-miss
105 silly fetch manifest prebuild-install@5.3.0
106 silly packumentCache full:https://registry.npmjs.org/prebuild-install cache-miss
107 http fetch GET 200 https://registry.npmjs.org/lodash 19ms (cache hit)
108 silly packumentCache full:https://registry.npmjs.org/lodash set size:242337 disposed:false
109 http fetch GET 200 https://registry.npmjs.org/prebuild-install 74ms (cache miss)
110 silly packumentCache full:https://registry.npmjs.org/prebuild-install set size:undefined disposed:false
111 http fetch GET 200 https://registry.npmjs.org/nan 78ms (cache miss)
112 silly packumentCache full:https://registry.npmjs.org/nan set size:undefined disposed:false
113 http fetch GET 200 https://registry.npmjs.org/buffers 86ms (cache miss)
114 silly packumentCache full:https://registry.npmjs.org/buffers set size:undefined disposed:false
115 http fetch GET 200 https://registry.npmjs.org/chainsaw 87ms (cache miss)
116 silly packumentCache full:https://registry.npmjs.org/chainsaw set size:undefined disposed:false
117 http fetch GET 200 https://registry.npmjs.org/bindings 85ms (cache miss)
118 silly packumentCache full:https://registry.npmjs.org/bindings set size:undefined disposed:false
119 http fetch GET 200 https://registry.npmjs.org/long 87ms (cache miss)
120 silly packumentCache full:https://registry.npmjs.org/long set size:undefined disposed:false
121 http fetch GET 200 https://registry.npmjs.org/brace-expansion 90ms (cache miss)
122 silly packumentCache full:https://registry.npmjs.org/brace-expansion set size:undefined disposed:false
123 http fetch GET 200 https://registry.npmjs.org/readable-stream 95ms (cache miss)
124 silly packumentCache full:https://registry.npmjs.org/readable-stream set size:undefined disposed:false
125 silly placeDep ROOT buffers@0.1.1 OK for: binary@0.3.0 want: ~0.1.1
126 silly placeDep ROOT chainsaw@0.1.0 OK for: binary@0.3.0 want: ~0.1.0
127 silly fetch manifest traverse@>=0.3.0 <0.4
128 silly packumentCache full:https://registry.npmjs.org/traverse cache-miss
129 http fetch GET 200 https://registry.npmjs.org/traverse 45ms (cache miss)
130 silly packumentCache full:https://registry.npmjs.org/traverse set size:undefined disposed:false
131 silly placeDep ROOT readable-stream@2.3.8 OK for: bl@2.2.1 want: ^2.3.5
132 silly fetch manifest core-util-is@~1.0.0
133 silly packumentCache full:https://registry.npmjs.org/core-util-is cache-miss
134 silly fetch manifest isarray@~1.0.0
135 silly packumentCache full:https://registry.npmjs.org/isarray cache-miss
136 silly fetch manifest process-nextick-args@~2.0.0
137 silly packumentCache full:https://registry.npmjs.org/process-nextick-args cache-miss
138 silly fetch manifest string_decoder@~1.1.1
139 silly packumentCache full:https://registry.npmjs.org/string_decoder cache-miss
140 silly fetch manifest util-deprecate@~1.0.1
141 silly packumentCache full:https://registry.npmjs.org/util-deprecate cache-miss
142 http fetch GET 200 https://registry.npmjs.org/util-deprecate 41ms (cache miss)
143 silly packumentCache full:https://registry.npmjs.org/util-deprecate set size:undefined disposed:false
144 http fetch GET 200 https://registry.npmjs.org/process-nextick-args 44ms (cache miss)
145 silly packumentCache full:https://registry.npmjs.org/process-nextick-args set size:undefined disposed:false
146 http fetch GET 200 https://registry.npmjs.org/isarray 49ms (cache miss)
147 silly packumentCache full:https://registry.npmjs.org/isarray set size:undefined disposed:false
148 http fetch GET 200 https://registry.npmjs.org/string_decoder 55ms (cache miss)
149 silly packumentCache full:https://registry.npmjs.org/string_decoder set size:undefined disposed:false
150 http fetch GET 200 https://registry.npmjs.org/core-util-is 73ms (cache miss)
151 silly packumentCache full:https://registry.npmjs.org/core-util-is set size:undefined disposed:false
152 silly placeDep ROOT long@1.1.2 OK for: buffermaker@1.2.1 want: 1.1.2
153 silly placeDep ROOT traverse@0.3.9 OK for: chainsaw@0.1.0 want: >=0.3.0 <0.4
154 silly placeDep ROOT brace-expansion@1.1.11 OK for: minimatch@3.1.2 want: ^1.1.7
155 silly fetch manifest balanced-match@^1.0.0
156 silly packumentCache full:https://registry.npmjs.org/balanced-match cache-miss
157 silly fetch manifest concat-map@0.0.1
158 silly packumentCache full:https://registry.npmjs.org/concat-map cache-miss
159 http fetch GET 200 https://registry.npmjs.org/concat-map 34ms (cache miss)
160 silly packumentCache full:https://registry.npmjs.org/concat-map set size:undefined disposed:false
161 http fetch GET 200 https://registry.npmjs.org/balanced-match 53ms (cache miss)
162 silly packumentCache full:https://registry.npmjs.org/balanced-match set size:undefined disposed:false
163 silly placeDep ROOT balanced-match@1.0.2 OK for: brace-expansion@1.1.11 want: ^1.0.0
164 silly placeDep ROOT concat-map@0.0.1 OK for: brace-expansion@1.1.11 want: 0.0.1
165 silly placeDep ROOT core-util-is@1.0.3 OK for: readable-stream@2.3.8 want: ~1.0.0
166 silly placeDep ROOT isarray@1.0.0 OK for: readable-stream@2.3.8 want: ~1.0.0
167 silly placeDep ROOT process-nextick-args@2.0.1 OK for: readable-stream@2.3.8 want: ~2.0.0
168 silly placeDep ROOT string_decoder@1.1.1 OK for: readable-stream@2.3.8 want: ~1.1.1
169 silly placeDep ROOT util-deprecate@1.0.2 OK for: readable-stream@2.3.8 want: ~1.0.1
170 silly placeDep ROOT bindings@1.5.0 OK for: snappy@6.3.5 want: ^1.3.1
171 silly placeDep ROOT nan@2.22.0 OK for: snappy@6.3.5 want: ^2.14.1
172 silly placeDep ROOT prebuild-install@5.3.0 OK for: snappy@6.3.5 want: 5.3.0
173 silly fetch manifest file-uri-to-path@1.0.0
174 silly packumentCache full:https://registry.npmjs.org/file-uri-to-path cache-miss
175 silly fetch manifest detect-libc@^1.0.3
176 silly packumentCache full:https://registry.npmjs.org/detect-libc cache-miss
177 silly fetch manifest expand-template@^2.0.3
178 silly packumentCache full:https://registry.npmjs.org/expand-template cache-miss
179 silly fetch manifest github-from-package@0.0.0
180 silly packumentCache full:https://registry.npmjs.org/github-from-package cache-miss
181 silly fetch manifest minimist@^1.2.0
182 silly packumentCache full:https://registry.npmjs.org/minimist cache-miss
183 silly fetch manifest mkdirp@^0.5.1
184 silly packumentCache full:https://registry.npmjs.org/mkdirp cache-miss
185 silly fetch manifest napi-build-utils@^1.0.1
186 silly packumentCache full:https://registry.npmjs.org/napi-build-utils cache-miss
187 silly fetch manifest node-abi@^2.7.0
188 silly packumentCache full:https://registry.npmjs.org/node-abi cache-miss
189 silly fetch manifest noop-logger@^0.1.1
190 silly packumentCache full:https://registry.npmjs.org/noop-logger cache-miss
191 silly fetch manifest npmlog@^4.0.1
192 silly packumentCache full:https://registry.npmjs.org/npmlog cache-miss
193 silly fetch manifest os-homedir@^1.0.1
194 silly packumentCache full:https://registry.npmjs.org/os-homedir cache-miss
195 http fetch GET 200 https://registry.npmjs.org/github-from-package 52ms (cache miss)
196 silly packumentCache full:https://registry.npmjs.org/github-from-package set size:undefined disposed:false
197 silly fetch manifest pump@^2.0.1
198 silly packumentCache full:https://registry.npmjs.org/pump cache-miss
199 http fetch GET 200 https://registry.npmjs.org/napi-build-utils 55ms (cache miss)
200 silly packumentCache full:https://registry.npmjs.org/napi-build-utils set size:undefined disposed:false
201 silly fetch manifest rc@^1.2.7
202 silly packumentCache full:https://registry.npmjs.org/rc cache-miss
203 http fetch GET 200 https://registry.npmjs.org/file-uri-to-path 61ms (cache miss)
204 silly packumentCache full:https://registry.npmjs.org/file-uri-to-path set size:undefined disposed:false
205 silly fetch manifest simple-get@^2.7.0
206 silly packumentCache full:https://registry.npmjs.org/simple-get cache-miss
207 http fetch GET 200 https://registry.npmjs.org/detect-libc 61ms (cache miss)
208 silly packumentCache full:https://registry.npmjs.org/detect-libc set size:undefined disposed:false
209 silly fetch manifest tar-fs@^1.13.0
210 silly packumentCache full:https://registry.npmjs.org/tar-fs cache-miss
211 http fetch GET 200 https://registry.npmjs.org/npmlog 60ms (cache miss)
212 silly packumentCache full:https://registry.npmjs.org/npmlog set size:undefined disposed:false
213 silly fetch manifest tunnel-agent@^0.6.0
214 silly packumentCache full:https://registry.npmjs.org/tunnel-agent cache-miss
215 http fetch GET 200 https://registry.npmjs.org/expand-template 67ms (cache miss)
216 silly packumentCache full:https://registry.npmjs.org/expand-template set size:undefined disposed:false
217 silly fetch manifest which-pm-runs@^1.0.0
218 silly packumentCache full:https://registry.npmjs.org/which-pm-runs cache-miss
219 http fetch GET 200 https://registry.npmjs.org/minimist 69ms (cache miss)
220 silly packumentCache full:https://registry.npmjs.org/minimist set size:undefined disposed:false
221 http fetch GET 200 https://registry.npmjs.org/os-homedir 67ms (cache miss)
222 silly packumentCache full:https://registry.npmjs.org/os-homedir set size:undefined disposed:false
223 http fetch GET 200 https://registry.npmjs.org/node-abi 69ms (cache miss)
224 silly packumentCache full:https://registry.npmjs.org/node-abi set size:undefined disposed:false
225 http fetch GET 200 https://registry.npmjs.org/noop-logger 71ms (cache miss)
226 silly packumentCache full:https://registry.npmjs.org/noop-logger set size:undefined disposed:false
227 http fetch GET 200 https://registry.npmjs.org/mkdirp 74ms (cache miss)
228 silly packumentCache full:https://registry.npmjs.org/mkdirp set size:undefined disposed:false
229 http fetch GET 200 https://registry.npmjs.org/tar-fs 40ms (cache miss)
230 silly packumentCache full:https://registry.npmjs.org/tar-fs set size:undefined disposed:false
231 http fetch GET 200 https://registry.npmjs.org/simple-get 49ms (cache miss)
232 silly packumentCache full:https://registry.npmjs.org/simple-get set size:undefined disposed:false
233 http fetch GET 200 https://registry.npmjs.org/pump 57ms (cache miss)
234 silly packumentCache full:https://registry.npmjs.org/pump set size:undefined disposed:false
235 http fetch GET 200 https://registry.npmjs.org/rc 54ms (cache miss)
236 silly packumentCache full:https://registry.npmjs.org/rc set size:undefined disposed:false
237 http fetch GET 200 https://registry.npmjs.org/tunnel-agent 49ms (cache miss)
238 silly packumentCache full:https://registry.npmjs.org/tunnel-agent set size:undefined disposed:false
239 http fetch GET 200 https://registry.npmjs.org/which-pm-runs 48ms (cache miss)
240 silly packumentCache full:https://registry.npmjs.org/which-pm-runs set size:undefined disposed:false
241 silly placeDep ROOT file-uri-to-path@1.0.0 OK for: bindings@1.5.0 want: 1.0.0
242 silly placeDep ROOT detect-libc@1.0.3 OK for: prebuild-install@5.3.0 want: ^1.0.3
243 silly placeDep ROOT expand-template@2.0.3 OK for: prebuild-install@5.3.0 want: ^2.0.3
244 silly placeDep ROOT github-from-package@0.0.0 OK for: prebuild-install@5.3.0 want: 0.0.0
245 silly placeDep ROOT minimist@1.2.8 OK for: prebuild-install@5.3.0 want: ^1.2.0
246 silly placeDep ROOT mkdirp@0.5.6 OK for: prebuild-install@5.3.0 want: ^0.5.1
247 silly placeDep ROOT napi-build-utils@1.0.2 OK for: prebuild-install@5.3.0 want: ^1.0.1
248 silly placeDep ROOT node-abi@2.30.1 OK for: prebuild-install@5.3.0 want: ^2.7.0
249 silly placeDep ROOT noop-logger@0.1.1 OK for: prebuild-install@5.3.0 want: ^0.1.1
250 silly placeDep ROOT npmlog@4.1.2 OK for: prebuild-install@5.3.0 want: ^4.0.1
251 silly placeDep ROOT os-homedir@1.0.2 OK for: prebuild-install@5.3.0 want: ^1.0.1
252 silly placeDep ROOT pump@2.0.1 OK for: prebuild-install@5.3.0 want: ^2.0.1
253 silly placeDep ROOT rc@1.2.8 OK for: prebuild-install@5.3.0 want: ^1.2.7
254 silly placeDep ROOT simple-get@2.8.2 OK for: prebuild-install@5.3.0 want: ^2.7.0
255 silly placeDep ROOT tar-fs@1.16.3 OK for: prebuild-install@5.3.0 want: ^1.13.0
256 silly placeDep ROOT tunnel-agent@0.6.0 OK for: prebuild-install@5.3.0 want: ^0.6.0
257 silly placeDep ROOT which-pm-runs@1.1.0 OK for: prebuild-install@5.3.0 want: ^1.0.0
258 silly fetch manifest semver@^5.4.1
259 silly packumentCache full:https://registry.npmjs.org/semver cache-miss
260 silly fetch manifest gauge@~2.7.3
261 silly packumentCache full:https://registry.npmjs.org/gauge cache-miss
262 silly fetch manifest set-blocking@~2.0.0
263 silly packumentCache full:https://registry.npmjs.org/set-blocking cache-miss
264 silly fetch manifest are-we-there-yet@~1.1.2
265 silly packumentCache full:https://registry.npmjs.org/are-we-there-yet cache-miss
266 silly fetch manifest console-control-strings@~1.1.0
267 silly packumentCache full:https://registry.npmjs.org/console-control-strings cache-miss
268 silly fetch manifest once@^1.3.1
269 silly packumentCache full:https://registry.npmjs.org/once cache-miss
270 silly fetch manifest end-of-stream@^1.1.0
271 silly packumentCache full:https://registry.npmjs.org/end-of-stream cache-miss
272 silly fetch manifest deep-extend@^0.6.0
273 silly packumentCache full:https://registry.npmjs.org/deep-extend cache-miss
274 silly fetch manifest ini@~1.3.0
275 silly packumentCache full:https://registry.npmjs.org/ini cache-miss
276 silly fetch manifest strip-json-comments@~2.0.1
277 silly packumentCache full:https://registry.npmjs.org/strip-json-comments cache-miss
278 silly fetch manifest decompress-response@^3.3.0
279 silly packumentCache full:https://registry.npmjs.org/decompress-response cache-miss
280 http fetch GET 200 https://registry.npmjs.org/set-blocking 48ms (cache miss)
281 silly packumentCache full:https://registry.npmjs.org/set-blocking set size:undefined disposed:false
282 silly fetch manifest once@^1.3.1
283 silly packumentCache full:https://registry.npmjs.org/once cache-miss
284 http fetch GET 200 https://registry.npmjs.org/console-control-strings 48ms (cache miss)
285 silly packumentCache full:https://registry.npmjs.org/console-control-strings set size:undefined disposed:false
286 silly fetch manifest simple-concat@^1.0.0
287 silly packumentCache full:https://registry.npmjs.org/simple-concat cache-miss
288 http fetch GET 200 https://registry.npmjs.org/once 49ms (cache miss)
289 silly packumentCache full:https://registry.npmjs.org/once set size:undefined disposed:false
290 silly fetch manifest chownr@^1.0.1
291 silly packumentCache full:https://registry.npmjs.org/chownr cache-miss
292 http fetch GET 200 https://registry.npmjs.org/strip-json-comments 52ms (cache miss)
293 silly packumentCache full:https://registry.npmjs.org/strip-json-comments set size:undefined disposed:false
294 silly fetch manifest pump@^1.0.0
295 silly packumentCache full:https://registry.npmjs.org/pump cache-miss
296 http fetch GET 200 https://registry.npmjs.org/gauge 61ms (cache miss)
297 silly packumentCache full:https://registry.npmjs.org/gauge set size:undefined disposed:false
298 silly fetch manifest tar-stream@^1.1.2
299 silly packumentCache full:https://registry.npmjs.org/tar-stream cache-miss
300 http fetch GET 200 https://registry.npmjs.org/once 16ms (cache hit)
301 silly packumentCache full:https://registry.npmjs.org/once set size:11768 disposed:false
302 http fetch GET 200 https://registry.npmjs.org/ini 63ms (cache miss)
303 silly packumentCache full:https://registry.npmjs.org/ini set size:undefined disposed:false
304 http fetch GET 200 https://registry.npmjs.org/end-of-stream 67ms (cache miss)
305 silly packumentCache full:https://registry.npmjs.org/end-of-stream set size:undefined disposed:false
306 http fetch GET 200 https://registry.npmjs.org/decompress-response 67ms (cache miss)
307 silly packumentCache full:https://registry.npmjs.org/decompress-response set size:undefined disposed:false
308 http fetch GET 200 https://registry.npmjs.org/are-we-there-yet 70ms (cache miss)
309 silly packumentCache full:https://registry.npmjs.org/are-we-there-yet set size:undefined disposed:false
310 http fetch GET 200 https://registry.npmjs.org/pump 15ms (cache hit)
311 silly packumentCache full:https://registry.npmjs.org/pump set size:38151 disposed:false
312 http fetch GET 200 https://registry.npmjs.org/deep-extend 72ms (cache miss)
313 silly packumentCache full:https://registry.npmjs.org/deep-extend set size:undefined disposed:false
314 http fetch GET 200 https://registry.npmjs.org/semver 82ms (cache miss)
315 silly packumentCache full:https://registry.npmjs.org/semver set size:undefined disposed:false
316 http fetch GET 200 https://registry.npmjs.org/chownr 35ms (cache miss)
317 silly packumentCache full:https://registry.npmjs.org/chownr set size:undefined disposed:false
318 http fetch GET 200 https://registry.npmjs.org/simple-concat 46ms (cache miss)
319 silly packumentCache full:https://registry.npmjs.org/simple-concat set size:undefined disposed:false
320 http fetch GET 200 https://registry.npmjs.org/tar-stream 56ms (cache miss)
321 silly packumentCache full:https://registry.npmjs.org/tar-stream set size:undefined disposed:false
322 silly placeDep ROOT semver@5.7.2 OK for: node-abi@2.30.1 want: ^5.4.1
323 silly placeDep ROOT are-we-there-yet@1.1.7 OK for: npmlog@4.1.2 want: ~1.1.2
324 silly placeDep ROOT console-control-strings@1.1.0 OK for: npmlog@4.1.2 want: ~1.1.0
325 silly placeDep ROOT gauge@2.7.4 OK for: npmlog@4.1.2 want: ~2.7.3
326 silly placeDep ROOT set-blocking@2.0.0 OK for: npmlog@4.1.2 want: ~2.0.0
327 silly fetch manifest delegates@^1.0.0
328 silly packumentCache full:https://registry.npmjs.org/delegates cache-miss
329 silly fetch manifest aproba@^1.0.3
330 silly packumentCache full:https://registry.npmjs.org/aproba cache-miss
331 silly fetch manifest strip-ansi@^3.0.1
332 silly packumentCache full:https://registry.npmjs.org/strip-ansi cache-miss
333 silly fetch manifest wide-align@^1.1.0
334 silly packumentCache full:https://registry.npmjs.org/wide-align cache-miss
335 silly fetch manifest has-unicode@^2.0.0
336 silly packumentCache full:https://registry.npmjs.org/has-unicode cache-miss
337 silly fetch manifest signal-exit@^3.0.0
338 silly packumentCache full:https://registry.npmjs.org/signal-exit cache-miss
339 silly fetch manifest string-width@^1.0.1
340 silly packumentCache full:https://registry.npmjs.org/string-width cache-miss
341 http fetch GET 200 https://registry.npmjs.org/has-unicode 40ms (cache miss)
342 silly packumentCache full:https://registry.npmjs.org/has-unicode set size:undefined disposed:false
343 http fetch GET 200 https://registry.npmjs.org/strip-ansi 52ms (cache miss)
344 silly packumentCache full:https://registry.npmjs.org/strip-ansi set size:undefined disposed:false
345 http fetch GET 200 https://registry.npmjs.org/aproba 54ms (cache miss)
346 silly packumentCache full:https://registry.npmjs.org/aproba set size:undefined disposed:false
347 http fetch GET 200 https://registry.npmjs.org/string-width 53ms (cache miss)
348 silly packumentCache full:https://registry.npmjs.org/string-width set size:undefined disposed:false
349 http fetch GET 200 https://registry.npmjs.org/wide-align 55ms (cache miss)
350 silly packumentCache full:https://registry.npmjs.org/wide-align set size:undefined disposed:false
351 http fetch GET 200 https://registry.npmjs.org/signal-exit 55ms (cache miss)
352 silly packumentCache full:https://registry.npmjs.org/signal-exit set size:undefined disposed:false
353 http fetch GET 200 https://registry.npmjs.org/delegates 66ms (cache miss)
354 silly packumentCache full:https://registry.npmjs.org/delegates set size:undefined disposed:false
355 silly placeDep ROOT delegates@1.0.0 OK for: are-we-there-yet@1.1.7 want: ^1.0.0
356 silly placeDep ROOT aproba@1.2.0 OK for: gauge@2.7.4 want: ^1.0.3
357 silly placeDep ROOT has-unicode@2.0.1 OK for: gauge@2.7.4 want: ^2.0.0
358 silly placeDep ROOT signal-exit@3.0.7 OK for: gauge@2.7.4 want: ^3.0.0
359 silly placeDep ROOT string-width@1.0.2 OK for: gauge@2.7.4 want: ^1.0.1
360 silly placeDep ROOT strip-ansi@3.0.1 OK for: gauge@2.7.4 want: ^3.0.1
361 silly placeDep ROOT wide-align@1.1.5 OK for: gauge@2.7.4 want: ^1.1.0
362 silly fetch manifest strip-ansi@^3.0.0
363 silly packumentCache full:https://registry.npmjs.org/strip-ansi cache-miss
364 silly fetch manifest code-point-at@^1.0.0
365 silly packumentCache full:https://registry.npmjs.org/code-point-at cache-miss
366 silly fetch manifest is-fullwidth-code-point@^1.0.0
367 silly packumentCache full:https://registry.npmjs.org/is-fullwidth-code-point cache-miss
368 silly fetch manifest ansi-regex@^2.0.0
369 silly packumentCache full:https://registry.npmjs.org/ansi-regex cache-miss
370 http fetch GET 200 https://registry.npmjs.org/strip-ansi 5ms (cache hit)
371 silly packumentCache full:https://registry.npmjs.org/strip-ansi set size:43180 disposed:false
372 http fetch GET 200 https://registry.npmjs.org/code-point-at 38ms (cache miss)
373 silly packumentCache full:https://registry.npmjs.org/code-point-at set size:undefined disposed:false
374 http fetch GET 200 https://registry.npmjs.org/ansi-regex 39ms (cache miss)
375 silly packumentCache full:https://registry.npmjs.org/ansi-regex set size:undefined disposed:false
376 http fetch GET 200 https://registry.npmjs.org/is-fullwidth-code-point 51ms (cache miss)
377 silly packumentCache full:https://registry.npmjs.org/is-fullwidth-code-point set size:undefined disposed:false
378 silly placeDep ROOT end-of-stream@1.4.4 OK for: pump@2.0.1 want: ^1.1.0
379 silly placeDep ROOT once@1.4.0 OK for: pump@2.0.1 want: ^1.3.1
380 silly fetch manifest once@^1.4.0
381 silly packumentCache full:https://registry.npmjs.org/once cache-hit
382 silly fetch manifest wrappy@1
383 silly packumentCache full:https://registry.npmjs.org/wrappy cache-miss
384 http fetch GET 200 https://registry.npmjs.org/wrappy 33ms (cache miss)
385 silly packumentCache full:https://registry.npmjs.org/wrappy set size:undefined disposed:false
386 silly placeDep ROOT wrappy@1.0.2 OK for: once@1.4.0 want: 1
387 silly placeDep ROOT deep-extend@0.6.0 OK for: rc@1.2.8 want: ^0.6.0
388 silly placeDep ROOT ini@1.3.8 OK for: rc@1.2.8 want: ~1.3.0
389 silly placeDep ROOT strip-json-comments@2.0.1 OK for: rc@1.2.8 want: ~2.0.1
390 silly placeDep ROOT decompress-response@3.3.0 OK for: simple-get@2.8.2 want: ^3.3.0
391 silly placeDep ROOT simple-concat@1.0.1 OK for: simple-get@2.8.2 want: ^1.0.0
392 silly fetch manifest mimic-response@^1.0.0
393 silly packumentCache full:https://registry.npmjs.org/mimic-response cache-miss
394 http fetch GET 200 https://registry.npmjs.org/mimic-response 35ms (cache miss)
395 silly packumentCache full:https://registry.npmjs.org/mimic-response set size:undefined disposed:false
396 silly placeDep ROOT mimic-response@1.0.1 OK for: decompress-response@3.3.0 want: ^1.0.0
397 silly placeDep ROOT code-point-at@1.1.0 OK for: string-width@1.0.2 want: ^1.0.0
398 silly placeDep ROOT is-fullwidth-code-point@1.0.0 OK for: string-width@1.0.2 want: ^1.0.0
399 silly fetch manifest number-is-nan@^1.0.0
400 silly packumentCache full:https://registry.npmjs.org/number-is-nan cache-miss
401 http fetch GET 200 https://registry.npmjs.org/number-is-nan 51ms (cache miss)
402 silly packumentCache full:https://registry.npmjs.org/number-is-nan set size:undefined disposed:false
403 silly placeDep ROOT number-is-nan@1.0.1 OK for: is-fullwidth-code-point@1.0.0 want: ^1.0.0
404 silly placeDep ROOT ansi-regex@2.1.1 OK for: strip-ansi@3.0.1 want: ^2.0.0
405 silly placeDep ROOT chownr@1.1.4 OK for: tar-fs@1.16.3 want: ^1.0.1
406 silly placeDep node_modules/tar-fs pump@1.0.3 OK for: tar-fs@1.16.3 want: ^1.0.0
407 silly placeDep ROOT tar-stream@1.6.2 OK for: tar-fs@1.16.3 want: ^1.1.2
408 silly fetch manifest bl@^1.0.0
409 silly packumentCache full:https://registry.npmjs.org/bl cache-miss
410 silly fetch manifest buffer-alloc@^1.2.0
411 silly packumentCache full:https://registry.npmjs.org/buffer-alloc cache-miss
412 silly fetch manifest fs-constants@^1.0.0
413 silly packumentCache full:https://registry.npmjs.org/fs-constants cache-miss
414 silly fetch manifest to-buffer@^1.1.1
415 silly packumentCache full:https://registry.npmjs.org/to-buffer cache-miss
416 silly fetch manifest xtend@^4.0.0
417 silly packumentCache full:https://registry.npmjs.org/xtend cache-miss
418 http fetch GET 200 https://registry.npmjs.org/bl 8ms (cache hit)
419 silly packumentCache full:https://registry.npmjs.org/bl set size:156609 disposed:false
420 http fetch GET 200 https://registry.npmjs.org/xtend 35ms (cache miss)
421 silly packumentCache full:https://registry.npmjs.org/xtend set size:undefined disposed:false
422 http fetch GET 200 https://registry.npmjs.org/to-buffer 37ms (cache miss)
423 silly packumentCache full:https://registry.npmjs.org/to-buffer set size:undefined disposed:false
424 http fetch GET 200 https://registry.npmjs.org/buffer-alloc 39ms (cache miss)
425 silly packumentCache full:https://registry.npmjs.org/buffer-alloc set size:undefined disposed:false
426 http fetch GET 200 https://registry.npmjs.org/fs-constants 57ms (cache miss)
427 silly packumentCache full:https://registry.npmjs.org/fs-constants set size:undefined disposed:false
428 silly placeDep node_modules/tar-stream bl@1.2.3 OK for: tar-stream@1.6.2 want: ^1.0.0
429 silly placeDep ROOT buffer-alloc@1.2.0 OK for: tar-stream@1.6.2 want: ^1.2.0
430 silly placeDep ROOT fs-constants@1.0.0 OK for: tar-stream@1.6.2 want: ^1.0.0
431 silly placeDep ROOT to-buffer@1.1.1 OK for: tar-stream@1.6.2 want: ^1.1.1
432 silly placeDep ROOT xtend@4.0.2 OK for: tar-stream@1.6.2 want: ^4.0.0
433 silly fetch manifest buffer-alloc-unsafe@^1.1.0
434 silly packumentCache full:https://registry.npmjs.org/buffer-alloc-unsafe cache-miss
435 silly fetch manifest buffer-fill@^1.0.0
436 silly packumentCache full:https://registry.npmjs.org/buffer-fill cache-miss
437 http fetch GET 200 https://registry.npmjs.org/buffer-alloc-unsafe 40ms (cache miss)
438 silly packumentCache full:https://registry.npmjs.org/buffer-alloc-unsafe set size:undefined disposed:false
439 http fetch GET 200 https://registry.npmjs.org/buffer-fill 48ms (cache miss)
440 silly packumentCache full:https://registry.npmjs.org/buffer-fill set size:undefined disposed:false
441 silly placeDep ROOT buffer-alloc-unsafe@1.1.0 OK for: buffer-alloc@1.2.0 want: ^1.1.0
442 silly placeDep ROOT buffer-fill@1.0.0 OK for: buffer-alloc@1.2.0 want: ^1.0.0
443 silly reify moves {}
444 silly tarball no local data for buffer-alloc-unsafe@https://registry.npmjs.org/buffer-alloc-unsafe/-/buffer-alloc-unsafe-1.1.0.tgz. Extracting by manifest.
445 silly tarball no local data for buffer-fill@https://registry.npmjs.org/buffer-fill/-/buffer-fill-1.0.0.tgz. Extracting by manifest.
446 silly tarball no local data for to-buffer@https://registry.npmjs.org/to-buffer/-/to-buffer-1.1.1.tgz. Extracting by manifest.
447 silly tarball no local data for xtend@https://registry.npmjs.org/xtend/-/xtend-4.0.2.tgz. Extracting by manifest.
448 silly tarball no local data for ansi-regex@https://registry.npmjs.org/ansi-regex/-/ansi-regex-2.1.1.tgz. Extracting by manifest.
449 silly tarball no local data for tar-stream@https://registry.npmjs.org/tar-stream/-/tar-stream-1.6.2.tgz. Extracting by manifest.
450 silly tarball no local data for number-is-nan@https://registry.npmjs.org/number-is-nan/-/number-is-nan-1.0.1.tgz. Extracting by manifest.
451 silly tarball no local data for simple-concat@https://registry.npmjs.org/simple-concat/-/simple-concat-1.0.1.tgz. Extracting by manifest.
452 silly tarball no local data for is-fullwidth-code-point@https://registry.npmjs.org/is-fullwidth-code-point/-/is-fullwidth-code-point-1.0.0.tgz. Extracting by manifest.
453 silly tarball no local data for decompress-response@https://registry.npmjs.org/decompress-response/-/decompress-response-3.3.0.tgz. Extracting by manifest.
454 silly tarball no local data for fs-constants@https://registry.npmjs.org/fs-constants/-/fs-constants-1.0.0.tgz. Extracting by manifest.
455 silly tarball no local data for deep-extend@https://registry.npmjs.org/deep-extend/-/deep-extend-0.6.0.tgz. Extracting by manifest.
456 silly tarball no local data for ini@https://registry.npmjs.org/ini/-/ini-1.3.8.tgz. Extracting by manifest.
457 silly tarball no local data for wrappy@https://registry.npmjs.org/wrappy/-/wrappy-1.0.2.tgz. Extracting by manifest.
458 silly tarball no local data for once@https://registry.npmjs.org/once/-/once-1.4.0.tgz. Extracting by manifest.
459 silly tarball no local data for code-point-at@https://registry.npmjs.org/code-point-at/-/code-point-at-1.1.0.tgz. Extracting by manifest.
460 silly tarball no local data for wide-align@https://registry.npmjs.org/wide-align/-/wide-align-1.1.5.tgz. Extracting by manifest.
461 silly tarball no local data for end-of-stream@https://registry.npmjs.org/end-of-stream/-/end-of-stream-1.4.4.tgz. Extracting by manifest.
462 silly tarball no local data for mimic-response@https://registry.npmjs.org/mimic-response/-/mimic-response-1.0.1.tgz. Extracting by manifest.
463 silly tarball no local data for aproba@https://registry.npmjs.org/aproba/-/aproba-1.2.0.tgz. Extracting by manifest.
464 silly tarball no local data for strip-ansi@https://registry.npmjs.org/strip-ansi/-/strip-ansi-3.0.1.tgz. Extracting by manifest.
465 silly tarball no local data for string-width@https://registry.npmjs.org/string-width/-/string-width-1.0.2.tgz. Extracting by manifest.
466 silly tarball no local data for has-unicode@https://registry.npmjs.org/has-unicode/-/has-unicode-2.0.1.tgz. Extracting by manifest.
467 silly tarball no local data for set-blocking@https://registry.npmjs.org/set-blocking/-/set-blocking-2.0.0.tgz. Extracting by manifest.
468 silly tarball no local data for signal-exit@https://registry.npmjs.org/signal-exit/-/signal-exit-3.0.7.tgz. Extracting by manifest.
469 silly tarball no local data for are-we-there-yet@https://registry.npmjs.org/are-we-there-yet/-/are-we-there-yet-1.1.7.tgz. Extracting by manifest.
470 silly tarball no local data for gauge@https://registry.npmjs.org/gauge/-/gauge-2.7.4.tgz. Extracting by manifest.
471 silly tarball no local data for delegates@https://registry.npmjs.org/delegates/-/delegates-1.0.0.tgz. Extracting by manifest.
472 silly tarball no local data for console-control-strings@https://registry.npmjs.org/console-control-strings/-/console-control-strings-1.1.0.tgz. Extracting by manifest.
473 silly tarball no local data for tunnel-agent@https://registry.npmjs.org/tunnel-agent/-/tunnel-agent-0.6.0.tgz. Extracting by manifest.
474 silly tarball no local data for which-pm-runs@https://registry.npmjs.org/which-pm-runs/-/which-pm-runs-1.1.0.tgz. Extracting by manifest.
475 silly tarball no local data for tar-fs@https://registry.npmjs.org/tar-fs/-/tar-fs-1.16.3.tgz. Extracting by manifest.
476 silly tarball no local data for simple-get@https://registry.npmjs.org/simple-get/-/simple-get-2.8.2.tgz. Extracting by manifest.
477 silly tarball no local data for semver@https://registry.npmjs.org/semver/-/semver-5.7.2.tgz. Extracting by manifest.
478 silly tarball no local data for os-homedir@https://registry.npmjs.org/os-homedir/-/os-homedir-1.0.2.tgz. Extracting by manifest.
479 silly tarball no local data for pump@https://registry.npmjs.org/pump/-/pump-2.0.1.tgz. Extracting by manifest.
480 silly tarball no local data for node-abi@https://registry.npmjs.org/node-abi/-/node-abi-2.30.1.tgz. Extracting by manifest.
481 silly tarball no local data for npmlog@https://registry.npmjs.org/npmlog/-/npmlog-4.1.2.tgz. Extracting by manifest.
482 silly tarball no local data for mkdirp@https://registry.npmjs.org/mkdirp/-/mkdirp-0.5.6.tgz. Extracting by manifest.
483 silly tarball no local data for napi-build-utils@https://registry.npmjs.org/napi-build-utils/-/napi-build-utils-1.0.2.tgz. Extracting by manifest.
484 silly tarball no local data for rc@https://registry.npmjs.org/rc/-/rc-1.2.8.tgz. Extracting by manifest.
485 silly tarball no local data for minimist@https://registry.npmjs.org/minimist/-/minimist-1.2.8.tgz. Extracting by manifest.
486 silly tarball no local data for noop-logger@https://registry.npmjs.org/noop-logger/-/noop-logger-0.1.1.tgz. Extracting by manifest.
487 silly tarball no local data for expand-template@https://registry.npmjs.org/expand-template/-/expand-template-2.0.3.tgz. Extracting by manifest.
488 silly tarball no local data for buffer-alloc@https://registry.npmjs.org/buffer-alloc/-/buffer-alloc-1.2.0.tgz. Extracting by manifest.
489 silly tarball no local data for file-uri-to-path@https://registry.npmjs.org/file-uri-to-path/-/file-uri-to-path-1.0.0.tgz. Extracting by manifest.
490 silly tarball no local data for prebuild-install@https://registry.npmjs.org/prebuild-install/-/prebuild-install-5.3.0.tgz. Extracting by manifest.
491 silly tarball no local data for bindings@https://registry.npmjs.org/bindings/-/bindings-1.5.0.tgz. Extracting by manifest.
492 silly tarball no local data for github-from-package@https://registry.npmjs.org/github-from-package/-/github-from-package-0.0.0.tgz. Extracting by manifest.
493 silly tarball no local data for util-deprecate@https://registry.npmjs.org/util-deprecate/-/util-deprecate-1.0.2.tgz. Extracting by manifest.
494 silly tarball no local data for chownr@https://registry.npmjs.org/chownr/-/chownr-1.1.4.tgz. Extracting by manifest.
495 silly tarball no local data for string_decoder@https://registry.npmjs.org/string_decoder/-/string_decoder-1.1.1.tgz. Extracting by manifest.
496 silly tarball no local data for core-util-is@https://registry.npmjs.org/core-util-is/-/core-util-is-1.0.3.tgz. Extracting by manifest.
497 silly tarball no local data for isarray@https://registry.npmjs.org/isarray/-/isarray-1.0.0.tgz. Extracting by manifest.
498 silly tarball no local data for brace-expansion@https://registry.npmjs.org/brace-expansion/-/brace-expansion-1.1.11.tgz. Extracting by manifest.
499 silly tarball no local data for process-nextick-args@https://registry.npmjs.org/process-nextick-args/-/process-nextick-args-2.0.1.tgz. Extracting by manifest.
500 silly tarball no local data for traverse@https://registry.npmjs.org/traverse/-/traverse-0.3.9.tgz. Extracting by manifest.
501 silly tarball no local data for chainsaw@https://registry.npmjs.org/chainsaw/-/chainsaw-0.1.0.tgz. Extracting by manifest.
502 silly tarball no local data for readable-stream@https://registry.npmjs.org/readable-stream/-/readable-stream-2.3.8.tgz. Extracting by manifest.
503 silly tarball no local data for buffers@https://registry.npmjs.org/buffers/-/buffers-0.1.1.tgz. Extracting by manifest.
504 silly tarball no local data for uuid@https://registry.npmjs.org/uuid/-/uuid-3.4.0.tgz. Extracting by manifest.
505 silly tarball no local data for concat-map@https://registry.npmjs.org/concat-map/-/concat-map-0.0.1.tgz. Extracting by manifest.
506 silly tarball no local data for long@https://registry.npmjs.org/long/-/long-1.1.2.tgz. Extracting by manifest.
507 silly tarball no local data for snappy@https://registry.npmjs.org/snappy/-/snappy-6.3.5.tgz. Extracting by manifest.
508 silly tarball no local data for optional@https://registry.npmjs.org/optional/-/optional-0.1.4.tgz. Extracting by manifest.
509 silly tarball no local data for strip-json-comments@https://registry.npmjs.org/strip-json-comments/-/strip-json-comments-2.0.1.tgz. Extracting by manifest.
510 silly tarball no local data for lodash@https://registry.npmjs.org/lodash/-/lodash-4.17.21.tgz. Extracting by manifest.
511 silly tarball no local data for minimatch@https://registry.npmjs.org/minimatch/-/minimatch-3.1.2.tgz. Extracting by manifest.
512 silly tarball no local data for denque@https://registry.npmjs.org/denque/-/denque-1.5.1.tgz. Extracting by manifest.
513 silly tarball no local data for buffer-crc32@https://registry.npmjs.org/buffer-crc32/-/buffer-crc32-0.2.13.tgz. Extracting by manifest.
514 silly tarball no local data for balanced-match@https://registry.npmjs.org/balanced-match/-/balanced-match-1.0.2.tgz. Extracting by manifest.
515 silly tarball no local data for bl@https://registry.npmjs.org/bl/-/bl-2.2.1.tgz. Extracting by manifest.
516 silly tarball no local data for nested-error-stacks@https://registry.npmjs.org/nested-error-stacks/-/nested-error-stacks-2.1.1.tgz. Extracting by manifest.
517 silly tarball no local data for binary@https://registry.npmjs.org/binary/-/binary-0.3.0.tgz. Extracting by manifest.
518 silly tarball no local data for buffermaker@https://registry.npmjs.org/buffermaker/-/buffermaker-1.2.1.tgz. Extracting by manifest.
519 silly tarball no local data for async@https://registry.npmjs.org/async/-/async-2.6.4.tgz. Extracting by manifest.
520 silly tarball no local data for kafka-node@https://registry.npmjs.org/kafka-node/-/kafka-node-5.0.0.tgz. Extracting by manifest.
521 silly tarball no local data for nan@https://registry.npmjs.org/nan/-/nan-2.22.0.tgz. Extracting by manifest.
522 silly tarball no local data for detect-libc@https://registry.npmjs.org/detect-libc/-/detect-libc-1.0.3.tgz. Extracting by manifest.
523 silly tarball no local data for bl@https://registry.npmjs.org/bl/-/bl-1.2.3.tgz. Extracting by manifest.
524 silly tarball no local data for retry@https://registry.npmjs.org/retry/-/retry-0.10.1.tgz. Extracting by manifest.
525 silly tarball no local data for pump@https://registry.npmjs.org/pump/-/pump-1.0.3.tgz. Extracting by manifest.
526 silly tarball no local data for node-red-contrib-kafka-client@https://registry.npmjs.org/node-red-contrib-kafka-client/-/node-red-contrib-kafka-client-0.1.0.tgz. Extracting by manifest.
527 http fetch GET 200 https://registry.npmjs.org/buffer-alloc-unsafe/-/buffer-alloc-unsafe-1.1.0.tgz 108ms (cache miss)
528 http fetch GET 200 https://registry.npmjs.org/simple-concat/-/simple-concat-1.0.1.tgz 106ms (cache miss)
529 http fetch GET 200 https://registry.npmjs.org/decompress-response/-/decompress-response-3.3.0.tgz 107ms (cache miss)
530 http fetch GET 200 https://registry.npmjs.org/buffer-fill/-/buffer-fill-1.0.0.tgz 113ms (cache miss)
531 http fetch GET 200 https://registry.npmjs.org/number-is-nan/-/number-is-nan-1.0.1.tgz 111ms (cache miss)
532 http fetch GET 200 https://registry.npmjs.org/is-fullwidth-code-point/-/is-fullwidth-code-point-1.0.0.tgz 111ms (cache miss)
533 http fetch GET 200 https://registry.npmjs.org/tar-stream/-/tar-stream-1.6.2.tgz 112ms (cache miss)
534 http fetch GET 200 https://registry.npmjs.org/xtend/-/xtend-4.0.2.tgz 114ms (cache miss)
535 http fetch GET 200 https://registry.npmjs.org/code-point-at/-/code-point-at-1.1.0.tgz 113ms (cache miss)
536 http fetch GET 200 https://registry.npmjs.org/fs-constants/-/fs-constants-1.0.0.tgz 115ms (cache miss)
537 http fetch GET 200 https://registry.npmjs.org/to-buffer/-/to-buffer-1.1.1.tgz 119ms (cache miss)
538 http fetch GET 200 https://registry.npmjs.org/end-of-stream/-/end-of-stream-1.4.4.tgz 116ms (cache miss)
539 http fetch GET 200 https://registry.npmjs.org/ansi-regex/-/ansi-regex-2.1.1.tgz 122ms (cache miss)
540 http fetch GET 200 https://registry.npmjs.org/aproba/-/aproba-1.2.0.tgz 118ms (cache miss)
541 http fetch GET 200 https://registry.npmjs.org/strip-ansi/-/strip-ansi-3.0.1.tgz 118ms (cache miss)
542 http fetch GET 200 https://registry.npmjs.org/string-width/-/string-width-1.0.2.tgz 120ms (cache miss)
543 http fetch GET 200 https://registry.npmjs.org/wide-align/-/wide-align-1.1.5.tgz 123ms (cache miss)
544 http fetch GET 200 https://registry.npmjs.org/wrappy/-/wrappy-1.0.2.tgz 127ms (cache miss)
545 http fetch GET 200 https://registry.npmjs.org/mimic-response/-/mimic-response-1.0.1.tgz 127ms (cache miss)
546 http fetch GET 200 https://registry.npmjs.org/signal-exit/-/signal-exit-3.0.7.tgz 136ms (cache miss)
547 http fetch GET 200 https://registry.npmjs.org/deep-extend/-/deep-extend-0.6.0.tgz 144ms (cache miss)
548 http fetch GET 200 https://registry.npmjs.org/once/-/once-1.4.0.tgz 152ms (cache miss)
549 http fetch GET 200 https://registry.npmjs.org/ini/-/ini-1.3.8.tgz 156ms (cache miss)
550 http fetch GET 200 https://registry.npmjs.org/has-unicode/-/has-unicode-2.0.1.tgz 155ms (cache miss)
551 http fetch GET 200 https://registry.npmjs.org/console-control-strings/-/console-control-strings-1.1.0.tgz 154ms (cache miss)
552 http fetch GET 200 https://registry.npmjs.org/delegates/-/delegates-1.0.0.tgz 154ms (cache miss)
553 http fetch GET 200 https://registry.npmjs.org/tunnel-agent/-/tunnel-agent-0.6.0.tgz 153ms (cache miss)
554 http fetch GET 200 https://registry.npmjs.org/set-blocking/-/set-blocking-2.0.0.tgz 157ms (cache miss)
555 http fetch GET 200 https://registry.npmjs.org/are-we-there-yet/-/are-we-there-yet-1.1.7.tgz 156ms (cache miss)
556 warn deprecated are-we-there-yet@1.1.7: This package is no longer supported.
557 http fetch GET 200 https://registry.npmjs.org/which-pm-runs/-/which-pm-runs-1.1.0.tgz 157ms (cache miss)
558 http fetch GET 200 https://registry.npmjs.org/gauge/-/gauge-2.7.4.tgz 163ms (cache miss)
559 warn deprecated gauge@2.7.4: This package is no longer supported.
560 http fetch GET 200 https://registry.npmjs.org/pump/-/pump-2.0.1.tgz 188ms (cache miss)
561 http fetch GET 200 https://registry.npmjs.org/expand-template/-/expand-template-2.0.3.tgz 188ms (cache miss)
562 http fetch GET 200 https://registry.npmjs.org/os-homedir/-/os-homedir-1.0.2.tgz 197ms (cache miss)
563 http fetch GET 200 https://registry.npmjs.org/napi-build-utils/-/napi-build-utils-1.0.2.tgz 197ms (cache miss)
564 http fetch GET 200 https://registry.npmjs.org/mkdirp/-/mkdirp-0.5.6.tgz 199ms (cache miss)
565 http fetch GET 200 https://registry.npmjs.org/buffer-alloc/-/buffer-alloc-1.2.0.tgz 197ms (cache miss)
566 http fetch GET 200 https://registry.npmjs.org/file-uri-to-path/-/file-uri-to-path-1.0.0.tgz 198ms (cache miss)
567 http fetch GET 200 https://registry.npmjs.org/rc/-/rc-1.2.8.tgz 205ms (cache miss)
568 http fetch GET 200 https://registry.npmjs.org/minimist/-/minimist-1.2.8.tgz 225ms (cache miss)
569 http fetch GET 200 https://registry.npmjs.org/noop-logger/-/noop-logger-0.1.1.tgz 240ms (cache miss)
570 http fetch GET 200 https://registry.npmjs.org/npmlog/-/npmlog-4.1.2.tgz 259ms (cache miss)
571 warn deprecated npmlog@4.1.2: This package is no longer supported.
572 http fetch GET 200 https://registry.npmjs.org/tar-fs/-/tar-fs-1.16.3.tgz 266ms (cache miss)
573 http fetch GET 200 https://registry.npmjs.org/simple-get/-/simple-get-2.8.2.tgz 278ms (cache miss)
574 http fetch GET 200 https://registry.npmjs.org/chownr/-/chownr-1.1.4.tgz 274ms (cache miss)
575 http fetch GET 200 https://registry.npmjs.org/node-abi/-/node-abi-2.30.1.tgz 279ms (cache miss)
576 http fetch GET 200 https://registry.npmjs.org/semver/-/semver-5.7.2.tgz 286ms (cache miss)
577 http fetch GET 200 https://registry.npmjs.org/core-util-is/-/core-util-is-1.0.3.tgz 280ms (cache miss)
578 http fetch GET 200 https://registry.npmjs.org/prebuild-install/-/prebuild-install-5.3.0.tgz 287ms (cache miss)
579 http fetch GET 200 https://registry.npmjs.org/string_decoder/-/string_decoder-1.1.1.tgz 293ms (cache miss)
580 http fetch GET 200 https://registry.npmjs.org/brace-expansion/-/brace-expansion-1.1.11.tgz 292ms (cache miss)
581 http fetch GET 200 https://registry.npmjs.org/bindings/-/bindings-1.5.0.tgz 300ms (cache miss)
582 http fetch GET 200 https://registry.npmjs.org/util-deprecate/-/util-deprecate-1.0.2.tgz 299ms (cache miss)
583 http fetch GET 200 https://registry.npmjs.org/buffers/-/buffers-0.1.1.tgz 312ms (cache miss)
584 http fetch GET 200 https://registry.npmjs.org/isarray/-/isarray-1.0.0.tgz 319ms (cache miss)
585 http fetch GET 200 https://registry.npmjs.org/github-from-package/-/github-from-package-0.0.0.tgz 321ms (cache miss)
586 http fetch GET 200 https://registry.npmjs.org/concat-map/-/concat-map-0.0.1.tgz 315ms (cache miss)
587 http fetch GET 200 https://registry.npmjs.org/strip-json-comments/-/strip-json-comments-2.0.1.tgz 316ms (cache miss)
588 http fetch GET 200 https://registry.npmjs.org/balanced-match/-/balanced-match-1.0.2.tgz 314ms (cache miss)
589 http fetch GET 200 https://registry.npmjs.org/uuid/-/uuid-3.4.0.tgz 320ms (cache miss)
590 http fetch GET 200 https://registry.npmjs.org/optional/-/optional-0.1.4.tgz 318ms (cache miss)
591 http fetch GET 200 https://registry.npmjs.org/process-nextick-args/-/process-nextick-args-2.0.1.tgz 326ms (cache miss)
592 http fetch GET 200 https://registry.npmjs.org/chainsaw/-/chainsaw-0.1.0.tgz 325ms (cache miss)
593 http fetch GET 200 https://registry.npmjs.org/binary/-/binary-0.3.0.tgz 318ms (cache miss)
594 http fetch GET 200 https://registry.npmjs.org/detect-libc/-/detect-libc-1.0.3.tgz 326ms (cache miss)
595 http fetch GET 200 https://registry.npmjs.org/traverse/-/traverse-0.3.9.tgz 336ms (cache miss)
596 http fetch GET 200 https://registry.npmjs.org/minimatch/-/minimatch-3.1.2.tgz 329ms (cache miss)
597 http fetch GET 200 https://registry.npmjs.org/nested-error-stacks/-/nested-error-stacks-2.1.1.tgz 329ms (cache miss)
598 http fetch GET 200 https://registry.npmjs.org/denque/-/denque-1.5.1.tgz 330ms (cache miss)
599 http fetch GET 200 https://registry.npmjs.org/buffer-crc32/-/buffer-crc32-0.2.13.tgz 331ms (cache miss)
600 http fetch GET 200 https://registry.npmjs.org/buffermaker/-/buffermaker-1.2.1.tgz 333ms (cache miss)
601 http fetch GET 200 https://registry.npmjs.org/bl/-/bl-2.2.1.tgz 335ms (cache miss)
602 http fetch GET 200 https://registry.npmjs.org/pump/-/pump-1.0.3.tgz 330ms (cache miss)
603 http fetch GET 200 https://registry.npmjs.org/bl/-/bl-1.2.3.tgz 336ms (cache miss)
604 warn deprecated uuid@3.4.0: Please upgrade  to version 7 or higher.  Older versions may use Math.random() in certain circumstances, which is known to be problematic.  See https://v8.dev/blog/math-random for details.
605 http fetch GET 200 https://registry.npmjs.org/retry/-/retry-0.10.1.tgz 342ms (cache miss)
606 http fetch GET 200 https://registry.npmjs.org/long/-/long-1.1.2.tgz 374ms (cache miss)
607 http fetch GET 200 https://registry.npmjs.org/node-red-contrib-kafka-client/-/node-red-contrib-kafka-client-0.1.0.tgz 391ms (cache miss)
608 http fetch GET 200 https://registry.npmjs.org/readable-stream/-/readable-stream-2.3.8.tgz 405ms (cache miss)
609 http fetch GET 200 https://registry.npmjs.org/kafka-node/-/kafka-node-5.0.0.tgz 438ms (cache miss)
610 http fetch GET 200 https://registry.npmjs.org/snappy/-/snappy-6.3.5.tgz 470ms (cache miss)
611 http fetch GET 200 https://registry.npmjs.org/async/-/async-2.6.4.tgz 489ms (cache miss)
612 http fetch GET 200 https://registry.npmjs.org/nan/-/nan-2.22.0.tgz 518ms (cache miss)
613 http fetch GET 200 https://registry.npmjs.org/lodash/-/lodash-4.17.21.tgz 751ms (cache miss)
614 info run snappy@6.3.5 install node_modules/snappy prebuild-install || node-gyp rebuild
615 info run snappy@6.3.5 install { code: 0, signal: null }
616 silly ADD node_modules/buffer-fill
617 silly ADD node_modules/buffer-alloc-unsafe
618 silly ADD node_modules/xtend
619 silly ADD node_modules/to-buffer
620 silly ADD node_modules/fs-constants
621 silly ADD node_modules/buffer-alloc
622 silly ADD node_modules/tar-stream
623 silly ADD node_modules/tar-stream/node_modules/bl
624 silly ADD node_modules/chownr
625 silly ADD node_modules/ansi-regex
626 silly ADD node_modules/number-is-nan
627 silly ADD node_modules/is-fullwidth-code-point
628 silly ADD node_modules/code-point-at
629 silly ADD node_modules/mimic-response
630 silly ADD node_modules/simple-concat
631 silly ADD node_modules/decompress-response
632 silly ADD node_modules/strip-json-comments
633 silly ADD node_modules/ini
634 silly ADD node_modules/deep-extend
635 silly ADD node_modules/wrappy
636 silly ADD node_modules/once
637 silly ADD node_modules/end-of-stream
638 silly ADD node_modules/wide-align
639 silly ADD node_modules/strip-ansi
640 silly ADD node_modules/string-width
641 silly ADD node_modules/signal-exit
642 silly ADD node_modules/has-unicode
643 silly ADD node_modules/aproba
644 silly ADD node_modules/delegates
645 silly ADD node_modules/set-blocking
646 silly ADD node_modules/gauge
647 silly ADD node_modules/console-control-strings
648 silly ADD node_modules/are-we-there-yet
649 silly ADD node_modules/semver
650 silly ADD node_modules/which-pm-runs
651 silly ADD node_modules/tunnel-agent
652 silly ADD node_modules/tar-fs
653 silly ADD node_modules/tar-fs/node_modules/pump
654 silly ADD node_modules/simple-get
655 silly ADD node_modules/rc
656 silly ADD node_modules/pump
657 silly ADD node_modules/os-homedir
658 silly ADD node_modules/npmlog
659 silly ADD node_modules/noop-logger
660 silly ADD node_modules/node-abi
661 silly ADD node_modules/napi-build-utils
662 silly ADD node_modules/mkdirp
663 silly ADD node_modules/minimist
664 silly ADD node_modules/github-from-package
665 silly ADD node_modules/expand-template
666 silly ADD node_modules/detect-libc
667 silly ADD node_modules/file-uri-to-path
668 silly ADD node_modules/prebuild-install
669 silly ADD node_modules/nan
670 silly ADD node_modules/bindings
671 silly ADD node_modules/util-deprecate
672 silly ADD node_modules/string_decoder
673 silly ADD node_modules/process-nextick-args
674 silly ADD node_modules/isarray
675 silly ADD node_modules/core-util-is
676 silly ADD node_modules/concat-map
677 silly ADD node_modules/balanced-match
678 silly ADD node_modules/brace-expansion
679 silly ADD node_modules/traverse
680 silly ADD node_modules/long
681 silly ADD node_modules/readable-stream
682 silly ADD node_modules/chainsaw
683 silly ADD node_modules/buffers
684 silly ADD node_modules/uuid
685 silly ADD node_modules/snappy
686 silly ADD node_modules/retry
687 silly ADD node_modules/optional
688 silly ADD node_modules/nested-error-stacks
689 silly ADD node_modules/minimatch
690 silly ADD node_modules/lodash
691 silly ADD node_modules/denque
692 silly ADD node_modules/buffermaker
693 silly ADD node_modules/buffer-crc32
694 silly ADD node_modules/bl
695 silly ADD node_modules/binary
696 silly ADD node_modules/async
697 silly ADD node_modules/kafka-node
698 silly ADD node_modules/node-red-contrib-kafka-client
699 verbose cwd /data
700 verbose os Linux 6.6.26-linuxkit
701 verbose node v20.18.0
702 verbose npm  v10.8.2
703 verbose exit 0
704 info ok
