0 verbose cli /usr/local/bin/node /usr/local/bin/npm
1 info using npm@10.8.2
2 info using node@v20.18.0
3 silly config load:file:/usr/local/lib/node_modules/npm/npmrc
4 silly config load:file:/data/.npmrc
5 silly config load:file:/usr/src/node-red/.npmrc
6 silly config load:file:/usr/local/etc/npmrc
7 verbose title npm install node-red-node-ui-table@0.4.4
8 verbose argv "install" "--no-audit" "--no-update-notifier" "--no-fund" "--save" "--save-prefix" "~" "--omit" "dev" "--engine-strict" "node-red-node-ui-table@0.4.4"
9 verbose logfile logs-max:10 dir:/data/.npm/_logs/2024-10-11T20_02_24_410Z-
10 verbose logfile /data/.npm/_logs/2024-10-11T20_02_24_410Z-debug-0.log
11 silly packumentCache heap:2197815296 maxSize:549453824 maxEntrySize:274726912
12 silly logfile done cleaning log files
13 silly idealTree buildDeps
14 silly fetch manifest node-red-node-ui-table@0.4.4
15 silly packumentCache full:https://registry.npmjs.org/node-red-node-ui-table cache-miss
16 http fetch GET 200 https://registry.npmjs.org/node-red-node-ui-table 919ms (cache miss)
17 silly packumentCache full:https://registry.npmjs.org/node-red-node-ui-table set size:undefined disposed:false
18 silly fetch manifest node-red-dashboard@>2.16.0
19 silly packumentCache full:https://registry.npmjs.org/node-red-dashboard cache-miss
20 http fetch GET 200 https://registry.npmjs.org/node-red-dashboard 664ms (cache miss)
21 silly packumentCache full:https://registry.npmjs.org/node-red-dashboard set size:undefined disposed:false
22 silly placeDep ROOT node-red-node-ui-table@0.4.4 OK for: node-red-project@0.0.1 want: 0.4.4
23 silly placeDep ROOT node-red-dashboard@3.6.5 OK for: node-red-node-ui-table@0.4.4 want: >2.16.0
24 silly fetch manifest compression@^1.7.4
25 silly packumentCache full:https://registry.npmjs.org/compression cache-miss
26 silly fetch manifest gridstack@^0.6.4
27 silly packumentCache full:https://registry.npmjs.org/gridstack cache-miss
28 silly fetch manifest serve-static@^1.15.0
29 silly packumentCache full:https://registry.npmjs.org/serve-static cache-miss
30 silly fetch manifest socket.io@^4.7.4
31 silly packumentCache full:https://registry.npmjs.org/socket.io cache-miss
32 http fetch GET 200 https://registry.npmjs.org/compression 71ms (cache miss)
33 silly packumentCache full:https://registry.npmjs.org/compression set size:undefined disposed:false
34 http fetch GET 200 https://registry.npmjs.org/serve-static 76ms (cache miss)
35 silly packumentCache full:https://registry.npmjs.org/serve-static set size:undefined disposed:false
36 http fetch GET 200 https://registry.npmjs.org/socket.io 115ms (cache miss)
37 silly packumentCache full:https://registry.npmjs.org/socket.io set size:undefined disposed:false
38 http fetch GET 200 https://registry.npmjs.org/gridstack 750ms (cache miss)
39 silly packumentCache full:https://registry.npmjs.org/gridstack set size:undefined disposed:false
40 silly placeDep ROOT compression@1.7.4 OK for: node-red-dashboard@3.6.5 want: ^1.7.4
41 silly placeDep ROOT gridstack@0.6.4 OK for: node-red-dashboard@3.6.5 want: ^0.6.4
42 silly placeDep ROOT serve-static@1.16.2 OK for: node-red-dashboard@3.6.5 want: ^1.15.0
43 silly placeDep ROOT socket.io@4.8.0 OK for: node-red-dashboard@3.6.5 want: ^4.7.4
44 silly fetch manifest vary@~1.1.2
45 silly packumentCache full:https://registry.npmjs.org/vary cache-miss
46 silly fetch manifest bytes@3.0.0
47 silly packumentCache full:https://registry.npmjs.org/bytes cache-miss
48 silly fetch manifest debug@2.6.9
49 silly packumentCache full:https://registry.npmjs.org/debug cache-miss
50 silly fetch manifest accepts@~1.3.5
51 silly packumentCache full:https://registry.npmjs.org/accepts cache-miss
52 silly fetch manifest on-headers@~1.0.2
53 silly packumentCache full:https://registry.npmjs.org/on-headers cache-miss
54 silly fetch manifest safe-buffer@5.1.2
55 silly packumentCache full:https://registry.npmjs.org/safe-buffer cache-miss
56 silly fetch manifest compressible@~2.0.16
57 silly packumentCache full:https://registry.npmjs.org/compressible cache-miss
58 silly fetch manifest jquery@^1.8 || 2 || 3
59 silly packumentCache full:https://registry.npmjs.org/jquery cache-miss
60 silly fetch manifest encodeurl@~2.0.0
61 silly packumentCache full:https://registry.npmjs.org/encodeurl cache-miss
62 silly fetch manifest escape-html@~1.0.3
63 silly packumentCache full:https://registry.npmjs.org/escape-html cache-miss
64 silly fetch manifest parseurl@~1.3.3
65 silly packumentCache full:https://registry.npmjs.org/parseurl cache-miss
66 http fetch GET 200 https://registry.npmjs.org/bytes 58ms (cache miss)
67 silly packumentCache full:https://registry.npmjs.org/bytes set size:undefined disposed:false
68 silly fetch manifest send@0.19.0
69 silly packumentCache full:https://registry.npmjs.org/send cache-miss
70 http fetch GET 200 https://registry.npmjs.org/accepts 59ms (cache miss)
71 silly packumentCache full:https://registry.npmjs.org/accepts set size:undefined disposed:false
72 silly fetch manifest accepts@~1.3.4
73 silly packumentCache full:https://registry.npmjs.org/accepts cache-miss
74 http fetch GET 200 https://registry.npmjs.org/accepts 4ms (cache hit)
75 silly packumentCache full:https://registry.npmjs.org/accepts set size:76994 disposed:false
76 silly fetch manifest base64id@~2.0.0
77 silly packumentCache full:https://registry.npmjs.org/base64id cache-miss
78 http fetch GET 200 https://registry.npmjs.org/vary 82ms (cache miss)
79 silly packumentCache full:https://registry.npmjs.org/vary set size:undefined disposed:false
80 silly fetch manifest cors@~2.8.5
81 silly packumentCache full:https://registry.npmjs.org/cors cache-miss
82 http fetch GET 200 https://registry.npmjs.org/debug 85ms (cache miss)
83 silly packumentCache full:https://registry.npmjs.org/debug set size:undefined disposed:false
84 silly fetch manifest debug@~4.3.2
85 silly packumentCache full:https://registry.npmjs.org/debug cache-miss
86 http fetch GET 200 https://registry.npmjs.org/debug 7ms (cache hit)
87 silly packumentCache full:https://registry.npmjs.org/debug set size:188929 disposed:false
88 silly fetch manifest engine.io@~6.6.0
89 silly packumentCache full:https://registry.npmjs.org/engine.io cache-miss
90 http fetch GET 200 https://registry.npmjs.org/on-headers 100ms (cache miss)
91 silly packumentCache full:https://registry.npmjs.org/on-headers set size:undefined disposed:false
92 silly fetch manifest socket.io-adapter@~2.5.2
93 silly packumentCache full:https://registry.npmjs.org/socket.io-adapter cache-miss
94 http fetch GET 200 https://registry.npmjs.org/parseurl 99ms (cache miss)
95 silly packumentCache full:https://registry.npmjs.org/parseurl set size:undefined disposed:false
96 silly fetch manifest socket.io-parser@~4.2.4
97 silly packumentCache full:https://registry.npmjs.org/socket.io-parser cache-miss
98 http fetch GET 200 https://registry.npmjs.org/safe-buffer 104ms (cache miss)
99 silly packumentCache full:https://registry.npmjs.org/safe-buffer set size:undefined disposed:false
100 http fetch GET 200 https://registry.npmjs.org/base64id 45ms (cache miss)
101 silly packumentCache full:https://registry.npmjs.org/base64id set size:undefined disposed:false
102 http fetch GET 200 https://registry.npmjs.org/escape-html 107ms (cache miss)
103 silly packumentCache full:https://registry.npmjs.org/escape-html set size:undefined disposed:false
104 http fetch GET 200 https://registry.npmjs.org/jquery 110ms (cache miss)
105 silly packumentCache full:https://registry.npmjs.org/jquery set size:undefined disposed:false
106 http fetch GET 200 https://registry.npmjs.org/compressible 112ms (cache miss)
107 silly packumentCache full:https://registry.npmjs.org/compressible set size:undefined disposed:false
108 http fetch GET 200 https://registry.npmjs.org/send 58ms (cache miss)
109 silly packumentCache full:https://registry.npmjs.org/send set size:undefined disposed:false
110 http fetch GET 200 https://registry.npmjs.org/encodeurl 130ms (cache miss)
111 silly packumentCache full:https://registry.npmjs.org/encodeurl set size:undefined disposed:false
112 http fetch GET 200 https://registry.npmjs.org/cors 54ms (cache miss)
113 silly packumentCache full:https://registry.npmjs.org/cors set size:undefined disposed:false
114 http fetch GET 200 https://registry.npmjs.org/socket.io-parser 59ms (cache miss)
115 silly packumentCache full:https://registry.npmjs.org/socket.io-parser set size:undefined disposed:false
116 http fetch GET 200 https://registry.npmjs.org/socket.io-adapter 67ms (cache miss)
117 silly packumentCache full:https://registry.npmjs.org/socket.io-adapter set size:undefined disposed:false
118 http fetch GET 200 https://registry.npmjs.org/engine.io 127ms (cache miss)
119 silly packumentCache full:https://registry.npmjs.org/engine.io set size:undefined disposed:false
120 silly placeDep ROOT accepts@1.3.8 OK for: compression@1.7.4 want: ~1.3.5
121 silly placeDep ROOT bytes@3.0.0 OK for: compression@1.7.4 want: 3.0.0
122 silly placeDep ROOT compressible@2.0.18 OK for: compression@1.7.4 want: ~2.0.16
123 silly placeDep ROOT debug@2.6.9 OK for: compression@1.7.4 want: 2.6.9
124 silly placeDep ROOT on-headers@1.0.2 OK for: compression@1.7.4 want: ~1.0.2
125 silly placeDep ROOT safe-buffer@5.1.2 OK for: compression@1.7.4 want: 5.1.2
126 silly placeDep ROOT vary@1.1.2 OK for: compression@1.7.4 want: ~1.1.2
127 silly fetch manifest mime-types@~2.1.34
128 silly packumentCache full:https://registry.npmjs.org/mime-types cache-miss
129 silly fetch manifest negotiator@0.6.3
130 silly packumentCache full:https://registry.npmjs.org/negotiator cache-miss
131 silly fetch manifest mime-db@>= 1.43.0 < 2
132 silly packumentCache full:https://registry.npmjs.org/mime-db cache-miss
133 silly fetch manifest ms@2.0.0
134 silly packumentCache full:https://registry.npmjs.org/ms cache-miss
135 http fetch GET 200 https://registry.npmjs.org/ms 43ms (cache miss)
136 silly packumentCache full:https://registry.npmjs.org/ms set size:undefined disposed:false
137 http fetch GET 200 https://registry.npmjs.org/mime-db 47ms (cache miss)
138 silly packumentCache full:https://registry.npmjs.org/mime-db set size:undefined disposed:false
139 http fetch GET 200 https://registry.npmjs.org/negotiator 50ms (cache miss)
140 silly packumentCache full:https://registry.npmjs.org/negotiator set size:undefined disposed:false
141 http fetch GET 200 https://registry.npmjs.org/mime-types 53ms (cache miss)
142 silly packumentCache full:https://registry.npmjs.org/mime-types set size:undefined disposed:false
143 silly placeDep ROOT mime-types@2.1.35 OK for: accepts@1.3.8 want: ~2.1.34
144 silly placeDep ROOT negotiator@0.6.3 OK for: accepts@1.3.8 want: 0.6.3
145 silly fetch manifest mime-db@1.52.0
146 silly packumentCache full:https://registry.npmjs.org/mime-db cache-miss
147 http fetch GET 200 https://registry.npmjs.org/mime-db 2ms (cache hit)
148 silly packumentCache full:https://registry.npmjs.org/mime-db set size:162007 disposed:false
149 silly placeDep ROOT mime-db@1.53.0 OK for: compressible@2.0.18 want: >= 1.43.0 < 2
150 silly placeDep ROOT ms@2.0.0 OK for: debug@2.6.9 want: 2.0.0
151 silly placeDep ROOT jquery@3.7.1 OK for: gridstack@0.6.4 want: ^1.8 || 2 || 3
152 silly placeDep node_modules/mime-types mime-db@1.52.0 OK for: mime-types@2.1.35 want: 1.52.0
153 silly placeDep ROOT encodeurl@2.0.0 OK for: serve-static@1.16.2 want: ~2.0.0
154 silly placeDep ROOT escape-html@1.0.3 OK for: serve-static@1.16.2 want: ~1.0.3
155 silly placeDep ROOT parseurl@1.3.3 OK for: serve-static@1.16.2 want: ~1.3.3
156 silly placeDep ROOT send@0.19.0 OK for: serve-static@1.16.2 want: 0.19.0
157 silly fetch manifest ms@2.1.3
158 silly packumentCache full:https://registry.npmjs.org/ms cache-miss
159 silly fetch manifest depd@2.0.0
160 silly packumentCache full:https://registry.npmjs.org/depd cache-miss
161 silly fetch manifest etag@~1.8.1
162 silly packumentCache full:https://registry.npmjs.org/etag cache-miss
163 silly fetch manifest mime@1.6.0
164 silly packumentCache full:https://registry.npmjs.org/mime cache-miss
165 silly fetch manifest fresh@0.5.2
166 silly packumentCache full:https://registry.npmjs.org/fresh cache-miss
167 silly fetch manifest destroy@1.2.0
168 silly packumentCache full:https://registry.npmjs.org/destroy cache-miss
169 silly fetch manifest statuses@2.0.1
170 silly packumentCache full:https://registry.npmjs.org/statuses cache-miss
171 silly fetch manifest encodeurl@~1.0.2
172 silly packumentCache full:https://registry.npmjs.org/encodeurl cache-miss
173 silly fetch manifest http-errors@2.0.0
174 silly packumentCache full:https://registry.npmjs.org/http-errors cache-miss
175 silly fetch manifest on-finished@2.4.1
176 silly packumentCache full:https://registry.npmjs.org/on-finished cache-miss
177 silly fetch manifest range-parser@~1.2.1
178 silly packumentCache full:https://registry.npmjs.org/range-parser cache-miss
179 http fetch GET 200 https://registry.npmjs.org/encodeurl 11ms (cache hit)
180 silly packumentCache full:https://registry.npmjs.org/encodeurl set size:12296 disposed:false
181 http fetch GET 200 https://registry.npmjs.org/ms 15ms (cache hit)
182 silly packumentCache full:https://registry.npmjs.org/ms set size:84885 disposed:false
183 http fetch GET 200 https://registry.npmjs.org/range-parser 38ms (cache miss)
184 silly packumentCache full:https://registry.npmjs.org/range-parser set size:undefined disposed:false
185 http fetch GET 200 https://registry.npmjs.org/on-finished 39ms (cache miss)
186 silly packumentCache full:https://registry.npmjs.org/on-finished set size:undefined disposed:false
187 http fetch GET 200 https://registry.npmjs.org/statuses 48ms (cache miss)
188 silly packumentCache full:https://registry.npmjs.org/statuses set size:undefined disposed:false
189 http fetch GET 200 https://registry.npmjs.org/etag 59ms (cache miss)
190 silly packumentCache full:https://registry.npmjs.org/etag set size:undefined disposed:false
191 http fetch GET 200 https://registry.npmjs.org/fresh 61ms (cache miss)
192 silly packumentCache full:https://registry.npmjs.org/fresh set size:undefined disposed:false
193 http fetch GET 200 https://registry.npmjs.org/destroy 61ms (cache miss)
194 silly packumentCache full:https://registry.npmjs.org/destroy set size:undefined disposed:false
195 http fetch GET 200 https://registry.npmjs.org/depd 63ms (cache miss)
196 silly packumentCache full:https://registry.npmjs.org/depd set size:undefined disposed:false
197 http fetch GET 200 https://registry.npmjs.org/mime 64ms (cache miss)
198 silly packumentCache full:https://registry.npmjs.org/mime set size:undefined disposed:false
199 http fetch GET 200 https://registry.npmjs.org/http-errors 91ms (cache miss)
200 silly packumentCache full:https://registry.npmjs.org/http-errors set size:undefined disposed:false
201 silly placeDep ROOT depd@2.0.0 OK for: send@0.19.0 want: 2.0.0
202 silly placeDep ROOT destroy@1.2.0 OK for: send@0.19.0 want: 1.2.0
203 silly placeDep node_modules/send encodeurl@1.0.2 OK for: send@0.19.0 want: ~1.0.2
204 silly placeDep ROOT etag@1.8.1 OK for: send@0.19.0 want: ~1.8.1
205 silly placeDep ROOT fresh@0.5.2 OK for: send@0.19.0 want: 0.5.2
206 silly placeDep ROOT http-errors@2.0.0 OK for: send@0.19.0 want: 2.0.0
207 silly placeDep ROOT mime@1.6.0 OK for: send@0.19.0 want: 1.6.0
208 silly placeDep node_modules/send ms@2.1.3 OK for: send@0.19.0 want: 2.1.3
209 silly placeDep ROOT on-finished@2.4.1 OK for: send@0.19.0 want: 2.4.1
210 silly placeDep ROOT range-parser@1.2.1 OK for: send@0.19.0 want: ~1.2.1
211 silly placeDep ROOT statuses@2.0.1 OK for: send@0.19.0 want: 2.0.1
212 silly fetch manifest inherits@2.0.4
213 silly packumentCache full:https://registry.npmjs.org/inherits cache-miss
214 silly fetch manifest setprototypeof@1.2.0
215 silly packumentCache full:https://registry.npmjs.org/setprototypeof cache-miss
216 silly fetch manifest toidentifier@1.0.1
217 silly packumentCache full:https://registry.npmjs.org/toidentifier cache-miss
218 silly fetch manifest ee-first@1.1.1
219 silly packumentCache full:https://registry.npmjs.org/ee-first cache-miss
220 http fetch GET 200 https://registry.npmjs.org/ee-first 42ms (cache miss)
221 silly packumentCache full:https://registry.npmjs.org/ee-first set size:undefined disposed:false
222 http fetch GET 200 https://registry.npmjs.org/inherits 56ms (cache miss)
223 silly packumentCache full:https://registry.npmjs.org/inherits set size:undefined disposed:false
224 http fetch GET 200 https://registry.npmjs.org/toidentifier 69ms (cache miss)
225 silly packumentCache full:https://registry.npmjs.org/toidentifier set size:undefined disposed:false
226 http fetch GET 200 https://registry.npmjs.org/setprototypeof 70ms (cache miss)
227 silly packumentCache full:https://registry.npmjs.org/setprototypeof set size:undefined disposed:false
228 silly placeDep ROOT inherits@2.0.4 OK for: http-errors@2.0.0 want: 2.0.4
229 silly placeDep ROOT setprototypeof@1.2.0 OK for: http-errors@2.0.0 want: 1.2.0
230 silly placeDep ROOT toidentifier@1.0.1 OK for: http-errors@2.0.0 want: 1.0.1
231 silly placeDep ROOT ee-first@1.1.1 OK for: on-finished@2.4.1 want: 1.1.1
232 silly placeDep ROOT base64id@2.0.0 OK for: socket.io@4.8.0 want: ~2.0.0
233 silly placeDep ROOT cors@2.8.5 OK for: socket.io@4.8.0 want: ~2.8.5
234 silly placeDep node_modules/socket.io debug@4.3.7 OK for: socket.io@4.8.0 want: ~4.3.2
235 silly placeDep ROOT engine.io@6.6.2 OK for: socket.io@4.8.0 want: ~6.6.0
236 silly placeDep ROOT socket.io-adapter@2.5.5 OK for: socket.io@4.8.0 want: ~2.5.2
237 silly placeDep ROOT socket.io-parser@4.2.4 OK for: socket.io@4.8.0 want: ~4.2.4
238 silly fetch manifest object-assign@^4
239 silly packumentCache full:https://registry.npmjs.org/object-assign cache-miss
240 silly fetch manifest ms@^2.1.3
241 silly packumentCache full:https://registry.npmjs.org/ms cache-hit
242 silly fetch manifest @types/cookie@^0.4.1
243 silly packumentCache full:https://registry.npmjs.org/@types%2fcookie cache-miss
244 silly fetch manifest @types/cors@^2.8.12
245 silly packumentCache full:https://registry.npmjs.org/@types%2fcors cache-miss
246 silly fetch manifest @types/node@>=10.0.0
247 silly packumentCache full:https://registry.npmjs.org/@types%2fnode cache-miss
248 silly fetch manifest cookie@~0.7.2
249 silly packumentCache full:https://registry.npmjs.org/cookie cache-miss
250 silly fetch manifest debug@~4.3.1
251 silly packumentCache full:https://registry.npmjs.org/debug cache-hit
252 silly fetch manifest engine.io-parser@~5.2.1
253 silly packumentCache full:https://registry.npmjs.org/engine.io-parser cache-miss
254 silly fetch manifest ws@~8.17.1
255 silly packumentCache full:https://registry.npmjs.org/ws cache-miss
256 silly fetch manifest debug@~4.3.4
257 silly packumentCache full:https://registry.npmjs.org/debug cache-hit
258 silly fetch manifest ws@~8.17.1
259 silly packumentCache full:https://registry.npmjs.org/ws cache-miss
260 silly fetch manifest @socket.io/component-emitter@~3.1.0
261 silly packumentCache full:https://registry.npmjs.org/@socket.io%2fcomponent-emitter cache-miss
262 http fetch GET 200 https://registry.npmjs.org/object-assign 56ms (cache miss)
263 silly packumentCache full:https://registry.npmjs.org/object-assign set size:undefined disposed:false
264 http fetch GET 200 https://registry.npmjs.org/ws 59ms (cache miss)
265 silly packumentCache full:https://registry.npmjs.org/ws set size:undefined disposed:false
266 http fetch GET 200 https://registry.npmjs.org/cookie 65ms (cache miss)
267 silly packumentCache full:https://registry.npmjs.org/cookie set size:undefined disposed:false
268 http fetch GET 200 https://registry.npmjs.org/ws 77ms (cache miss)
269 silly packumentCache full:https://registry.npmjs.org/ws set size:undefined disposed:false
270 http fetch GET 200 https://registry.npmjs.org/engine.io-parser 91ms (cache miss)
271 silly packumentCache full:https://registry.npmjs.org/engine.io-parser set size:undefined disposed:false
272 http fetch GET 200 https://registry.npmjs.org/@types%2fcookie 107ms (cache miss)
273 silly packumentCache full:https://registry.npmjs.org/@types%2fcookie set size:undefined disposed:false
274 http fetch GET 200 https://registry.npmjs.org/@socket.io%2fcomponent-emitter 114ms (cache miss)
275 silly packumentCache full:https://registry.npmjs.org/@socket.io%2fcomponent-emitter set size:undefined disposed:false
276 http fetch GET 200 https://registry.npmjs.org/@types%2fcors 130ms (cache miss)
277 silly packumentCache full:https://registry.npmjs.org/@types%2fcors set size:undefined disposed:false
278 http fetch GET 200 https://registry.npmjs.org/@types%2fnode 228ms (cache miss)
279 silly packumentCache full:https://registry.npmjs.org/@types%2fnode set size:undefined disposed:false
280 silly placeDep ROOT object-assign@4.1.1 OK for: cors@2.8.5 want: ^4
281 silly fetch manifest bufferutil@^4.0.1
282 silly packumentCache full:https://registry.npmjs.org/bufferutil cache-miss
283 http fetch GET 200 https://registry.npmjs.org/bufferutil 55ms (cache miss)
284 silly packumentCache full:https://registry.npmjs.org/bufferutil set size:undefined disposed:false
285 silly fetch manifest utf-8-validate@>=5.0.2
286 silly packumentCache full:https://registry.npmjs.org/utf-8-validate cache-miss
287 http fetch GET 200 https://registry.npmjs.org/utf-8-validate 44ms (cache miss)
288 silly packumentCache full:https://registry.npmjs.org/utf-8-validate set size:undefined disposed:false
289 silly placeDep ROOT @types/cookie@0.4.1 OK for: engine.io@6.6.2 want: ^0.4.1
290 silly placeDep ROOT @types/cors@2.8.17 OK for: engine.io@6.6.2 want: ^2.8.12
291 silly placeDep ROOT @types/node@22.7.5 OK for: engine.io@6.6.2 want: >=10.0.0
292 silly placeDep ROOT cookie@0.7.2 OK for: engine.io@6.6.2 want: ~0.7.2
293 silly placeDep node_modules/engine.io debug@4.3.7 OK for: engine.io@6.6.2 want: ~4.3.1
294 silly placeDep ROOT engine.io-parser@5.2.3 OK for: engine.io@6.6.2 want: ~5.2.1
295 silly placeDep ROOT ws@8.17.1 OK for: engine.io@6.6.2 want: ~8.17.1
296 silly fetch manifest @types/node@*
297 silly packumentCache full:https://registry.npmjs.org/@types%2fnode cache-miss
298 silly fetch manifest undici-types@~6.19.2
299 silly packumentCache full:https://registry.npmjs.org/undici-types cache-miss
300 http fetch GET 200 https://registry.npmjs.org/@types%2fnode 15ms (cache hit)
301 silly packumentCache full:https://registry.npmjs.org/@types%2fnode set size:9182726 disposed:false
302 http fetch GET 200 https://registry.npmjs.org/undici-types 56ms (cache miss)
303 silly packumentCache full:https://registry.npmjs.org/undici-types set size:undefined disposed:false
304 silly placeDep ROOT undici-types@6.19.8 OK for: @types/node@22.7.5 want: ~6.19.2
305 silly placeDep node_modules/socket.io-adapter debug@4.3.7 OK for: socket.io-adapter@2.5.5 want: ~4.3.4
306 silly placeDep ROOT @socket.io/component-emitter@3.1.2 OK for: socket.io-parser@4.2.4 want: ~3.1.0
307 silly placeDep node_modules/socket.io-parser debug@4.3.7 OK for: socket.io-parser@4.2.4 want: ~4.3.1
308 silly placeDep node_modules/engine.io ms@2.1.3 OK for: debug@4.3.7 want: ^2.1.3
309 silly placeDep node_modules/socket.io-adapter ms@2.1.3 OK for: debug@4.3.7 want: ^2.1.3
310 silly placeDep node_modules/socket.io-parser ms@2.1.3 OK for: debug@4.3.7 want: ^2.1.3
311 silly placeDep node_modules/socket.io ms@2.1.3 OK for: debug@4.3.7 want: ^2.1.3
312 silly reify moves {}
313 silly tarball no local data for ws@https://registry.npmjs.org/ws/-/ws-8.17.1.tgz. Extracting by manifest.
314 silly tarball no local data for @types/cookie@https://registry.npmjs.org/@types/cookie/-/cookie-0.4.1.tgz. Extracting by manifest.
315 silly tarball no local data for @socket.io/component-emitter@https://registry.npmjs.org/@socket.io/component-emitter/-/component-emitter-3.1.2.tgz. Extracting by manifest.
316 silly tarball no local data for undici-types@https://registry.npmjs.org/undici-types/-/undici-types-6.19.8.tgz. Extracting by manifest.
317 silly tarball no local data for object-assign@https://registry.npmjs.org/object-assign/-/object-assign-4.1.1.tgz. Extracting by manifest.
318 silly tarball no local data for @types/cors@https://registry.npmjs.org/@types/cors/-/cors-2.8.17.tgz. Extracting by manifest.
319 silly tarball no local data for cookie@https://registry.npmjs.org/cookie/-/cookie-0.7.2.tgz. Extracting by manifest.
320 silly tarball no local data for ee-first@https://registry.npmjs.org/ee-first/-/ee-first-1.1.1.tgz. Extracting by manifest.
321 silly tarball no local data for engine.io-parser@https://registry.npmjs.org/engine.io-parser/-/engine.io-parser-5.2.3.tgz. Extracting by manifest.
322 silly tarball no local data for base64id@https://registry.npmjs.org/base64id/-/base64id-2.0.0.tgz. Extracting by manifest.
323 silly tarball no local data for toidentifier@https://registry.npmjs.org/toidentifier/-/toidentifier-1.0.1.tgz. Extracting by manifest.
324 silly tarball no local data for @types/node@https://registry.npmjs.org/@types/node/-/node-22.7.5.tgz. Extracting by manifest.
325 silly tarball no local data for statuses@https://registry.npmjs.org/statuses/-/statuses-2.0.1.tgz. Extracting by manifest.
326 silly tarball no local data for on-finished@https://registry.npmjs.org/on-finished/-/on-finished-2.4.1.tgz. Extracting by manifest.
327 silly tarball no local data for range-parser@https://registry.npmjs.org/range-parser/-/range-parser-1.2.1.tgz. Extracting by manifest.
328 silly tarball no local data for mime@https://registry.npmjs.org/mime/-/mime-1.6.0.tgz. Extracting by manifest.
329 silly tarball no local data for http-errors@https://registry.npmjs.org/http-errors/-/http-errors-2.0.0.tgz. Extracting by manifest.
330 silly tarball no local data for fresh@https://registry.npmjs.org/fresh/-/fresh-0.5.2.tgz. Extracting by manifest.
331 silly tarball no local data for cors@https://registry.npmjs.org/cors/-/cors-2.8.5.tgz. Extracting by manifest.
332 silly tarball no local data for send@https://registry.npmjs.org/send/-/send-0.19.0.tgz. Extracting by manifest.
333 silly tarball no local data for etag@https://registry.npmjs.org/etag/-/etag-1.8.1.tgz. Extracting by manifest.
334 silly tarball no local data for destroy@https://registry.npmjs.org/destroy/-/destroy-1.2.0.tgz. Extracting by manifest.
335 silly tarball no local data for depd@https://registry.npmjs.org/depd/-/depd-2.0.0.tgz. Extracting by manifest.
336 silly tarball no local data for parseurl@https://registry.npmjs.org/parseurl/-/parseurl-1.3.3.tgz. Extracting by manifest.
337 silly tarball no local data for encodeurl@https://registry.npmjs.org/encodeurl/-/encodeurl-2.0.0.tgz. Extracting by manifest.
338 silly tarball no local data for setprototypeof@https://registry.npmjs.org/setprototypeof/-/setprototypeof-1.2.0.tgz. Extracting by manifest.
339 silly tarball no local data for jquery@https://registry.npmjs.org/jquery/-/jquery-3.7.1.tgz. Extracting by manifest.
340 silly tarball no local data for ms@https://registry.npmjs.org/ms/-/ms-2.0.0.tgz. Extracting by manifest.
341 silly tarball no local data for inherits@https://registry.npmjs.org/inherits/-/inherits-2.0.4.tgz. Extracting by manifest.
342 silly tarball no local data for negotiator@https://registry.npmjs.org/negotiator/-/negotiator-0.6.3.tgz. Extracting by manifest.
343 silly tarball no local data for vary@https://registry.npmjs.org/vary/-/vary-1.1.2.tgz. Extracting by manifest.
344 silly tarball no local data for safe-buffer@https://registry.npmjs.org/safe-buffer/-/safe-buffer-5.1.2.tgz. Extracting by manifest.
345 silly tarball no local data for on-headers@https://registry.npmjs.org/on-headers/-/on-headers-1.0.2.tgz. Extracting by manifest.
346 silly tarball no local data for debug@https://registry.npmjs.org/debug/-/debug-2.6.9.tgz. Extracting by manifest.
347 silly tarball no local data for escape-html@https://registry.npmjs.org/escape-html/-/escape-html-1.0.3.tgz. Extracting by manifest.
348 silly tarball no local data for socket.io@https://registry.npmjs.org/socket.io/-/socket.io-4.8.0.tgz. Extracting by manifest.
349 silly tarball no local data for bytes@https://registry.npmjs.org/bytes/-/bytes-3.0.0.tgz. Extracting by manifest.
350 silly tarball no local data for accepts@https://registry.npmjs.org/accepts/-/accepts-1.3.8.tgz. Extracting by manifest.
351 silly tarball no local data for serve-static@https://registry.npmjs.org/serve-static/-/serve-static-1.16.2.tgz. Extracting by manifest.
352 silly tarball no local data for mime-db@https://registry.npmjs.org/mime-db/-/mime-db-1.53.0.tgz. Extracting by manifest.
353 silly tarball no local data for gridstack@https://registry.npmjs.org/gridstack/-/gridstack-0.6.4.tgz. Extracting by manifest.
354 silly tarball no local data for compression@https://registry.npmjs.org/compression/-/compression-1.7.4.tgz. Extracting by manifest.
355 silly tarball no local data for node-red-node-ui-table@https://registry.npmjs.org/node-red-node-ui-table/-/node-red-node-ui-table-0.4.4.tgz. Extracting by manifest.
356 silly tarball no local data for node-red-dashboard@https://registry.npmjs.org/node-red-dashboard/-/node-red-dashboard-3.6.5.tgz. Extracting by manifest.
357 silly tarball no local data for socket.io-parser@https://registry.npmjs.org/socket.io-parser/-/socket.io-parser-4.2.4.tgz. Extracting by manifest.
358 silly tarball no local data for mime-types@https://registry.npmjs.org/mime-types/-/mime-types-2.1.35.tgz. Extracting by manifest.
359 silly tarball no local data for socket.io-adapter@https://registry.npmjs.org/socket.io-adapter/-/socket.io-adapter-2.5.5.tgz. Extracting by manifest.
360 silly tarball no local data for debug@https://registry.npmjs.org/debug/-/debug-4.3.7.tgz. Extracting by manifest.
361 silly tarball no local data for compressible@https://registry.npmjs.org/compressible/-/compressible-2.0.18.tgz. Extracting by manifest.
362 silly tarball no local data for debug@https://registry.npmjs.org/debug/-/debug-4.3.7.tgz. Extracting by manifest.
363 silly tarball no local data for debug@https://registry.npmjs.org/debug/-/debug-4.3.7.tgz. Extracting by manifest.
364 silly tarball no local data for ms@https://registry.npmjs.org/ms/-/ms-2.1.3.tgz. Extracting by manifest.
365 silly tarball no local data for ms@https://registry.npmjs.org/ms/-/ms-2.1.3.tgz. Extracting by manifest.
366 silly tarball no local data for encodeurl@https://registry.npmjs.org/encodeurl/-/encodeurl-1.0.2.tgz. Extracting by manifest.
367 silly tarball no local data for engine.io@https://registry.npmjs.org/engine.io/-/engine.io-6.6.2.tgz. Extracting by manifest.
368 silly tarball no local data for mime-db@https://registry.npmjs.org/mime-db/-/mime-db-1.52.0.tgz. Extracting by manifest.
369 silly tarball no local data for debug@https://registry.npmjs.org/debug/-/debug-4.3.7.tgz. Extracting by manifest.
370 silly tarball no local data for ms@https://registry.npmjs.org/ms/-/ms-2.1.3.tgz. Extracting by manifest.
371 silly tarball no local data for ms@https://registry.npmjs.org/ms/-/ms-2.1.3.tgz. Extracting by manifest.
372 silly tarball no local data for ms@https://registry.npmjs.org/ms/-/ms-2.1.3.tgz. Extracting by manifest.
373 http fetch GET 200 https://registry.npmjs.org/object-assign/-/object-assign-4.1.1.tgz 87ms (cache miss)
374 http fetch GET 200 https://registry.npmjs.org/base64id/-/base64id-2.0.0.tgz 86ms (cache miss)
375 http fetch GET 200 https://registry.npmjs.org/cookie/-/cookie-0.7.2.tgz 92ms (cache miss)
376 http fetch GET 200 https://registry.npmjs.org/@socket.io/component-emitter/-/component-emitter-3.1.2.tgz 94ms (cache miss)
377 http fetch GET 200 https://registry.npmjs.org/toidentifier/-/toidentifier-1.0.1.tgz 91ms (cache miss)
378 http fetch GET 200 https://registry.npmjs.org/ee-first/-/ee-first-1.1.1.tgz 103ms (cache miss)
379 http fetch GET 200 https://registry.npmjs.org/ws/-/ws-8.17.1.tgz 119ms (cache miss)
380 http fetch GET 200 https://registry.npmjs.org/http-errors/-/http-errors-2.0.0.tgz 121ms (cache miss)
381 http fetch GET 200 https://registry.npmjs.org/@types/cors/-/cors-2.8.17.tgz 129ms (cache miss)
382 http fetch GET 200 https://registry.npmjs.org/statuses/-/statuses-2.0.1.tgz 130ms (cache miss)
383 http fetch GET 200 https://registry.npmjs.org/range-parser/-/range-parser-1.2.1.tgz 133ms (cache miss)
384 http fetch GET 200 https://registry.npmjs.org/destroy/-/destroy-1.2.0.tgz 136ms (cache miss)
385 http fetch GET 200 https://registry.npmjs.org/@types/cookie/-/cookie-0.4.1.tgz 147ms (cache miss)
386 http fetch GET 200 https://registry.npmjs.org/etag/-/etag-1.8.1.tgz 168ms (cache miss)
387 http fetch GET 200 https://registry.npmjs.org/engine.io-parser/-/engine.io-parser-5.2.3.tgz 175ms (cache miss)
388 http fetch GET 200 https://registry.npmjs.org/send/-/send-0.19.0.tgz 175ms (cache miss)
389 http fetch GET 200 https://registry.npmjs.org/on-finished/-/on-finished-2.4.1.tgz 187ms (cache miss)
390 http fetch GET 200 https://registry.npmjs.org/depd/-/depd-2.0.0.tgz 188ms (cache miss)
391 http fetch GET 200 https://registry.npmjs.org/encodeurl/-/encodeurl-2.0.0.tgz 190ms (cache miss)
392 http fetch GET 200 https://registry.npmjs.org/fresh/-/fresh-0.5.2.tgz 197ms (cache miss)
393 http fetch GET 200 https://registry.npmjs.org/parseurl/-/parseurl-1.3.3.tgz 207ms (cache miss)
394 http fetch GET 200 https://registry.npmjs.org/cors/-/cors-2.8.5.tgz 212ms (cache miss)
395 http fetch GET 200 https://registry.npmjs.org/ms/-/ms-2.0.0.tgz 223ms (cache miss)
396 http fetch GET 200 https://registry.npmjs.org/negotiator/-/negotiator-0.6.3.tgz 229ms (cache miss)
397 http fetch GET 200 https://registry.npmjs.org/setprototypeof/-/setprototypeof-1.2.0.tgz 238ms (cache miss)
398 http fetch GET 200 https://registry.npmjs.org/inherits/-/inherits-2.0.4.tgz 238ms (cache miss)
399 http fetch GET 200 https://registry.npmjs.org/vary/-/vary-1.1.2.tgz 240ms (cache miss)
400 http fetch GET 200 https://registry.npmjs.org/on-headers/-/on-headers-1.0.2.tgz 241ms (cache miss)
401 http fetch GET 200 https://registry.npmjs.org/accepts/-/accepts-1.3.8.tgz 241ms (cache miss)
402 http fetch GET 200 https://registry.npmjs.org/mime/-/mime-1.6.0.tgz 248ms (cache miss)
403 http fetch GET 200 https://registry.npmjs.org/escape-html/-/escape-html-1.0.3.tgz 256ms (cache miss)
404 http fetch GET 200 https://registry.npmjs.org/socket.io-parser/-/socket.io-parser-4.2.4.tgz 258ms (cache miss)
405 http fetch GET 200 https://registry.npmjs.org/safe-buffer/-/safe-buffer-5.1.2.tgz 266ms (cache miss)
406 http fetch GET 200 https://registry.npmjs.org/debug/-/debug-2.6.9.tgz 265ms (cache miss)
407 http fetch GET 200 https://registry.npmjs.org/serve-static/-/serve-static-1.16.2.tgz 263ms (cache miss)
408 http fetch GET 200 https://registry.npmjs.org/bytes/-/bytes-3.0.0.tgz 266ms (cache miss)
409 http fetch GET 200 https://registry.npmjs.org/debug/-/debug-4.3.7.tgz 261ms (cache miss)
410 http fetch GET 200 https://registry.npmjs.org/mime-db/-/mime-db-1.53.0.tgz 267ms (cache miss)
411 http fetch GET 200 https://registry.npmjs.org/debug/-/debug-4.3.7.tgz 267ms (cache miss)
412 http fetch GET 200 https://registry.npmjs.org/compressible/-/compressible-2.0.18.tgz 275ms (cache miss)
413 http fetch GET 200 https://registry.npmjs.org/encodeurl/-/encodeurl-1.0.2.tgz 273ms (cache miss)
414 http fetch GET 200 https://registry.npmjs.org/debug/-/debug-4.3.7.tgz 275ms (cache miss)
415 http fetch GET 200 https://registry.npmjs.org/undici-types/-/undici-types-6.19.8.tgz 294ms (cache miss)
416 http fetch GET 200 https://registry.npmjs.org/ms/-/ms-2.1.3.tgz 273ms (cache miss)
417 http fetch GET 200 https://registry.npmjs.org/mime-types/-/mime-types-2.1.35.tgz 280ms (cache miss)
418 http fetch GET 200 https://registry.npmjs.org/ms/-/ms-2.1.3.tgz 276ms (cache miss)
419 http fetch GET 200 https://registry.npmjs.org/ms/-/ms-2.1.3.tgz 281ms (cache miss)
420 http fetch GET 200 https://registry.npmjs.org/ms/-/ms-2.1.3.tgz 277ms (cache miss)
421 http fetch GET 200 https://registry.npmjs.org/mime-db/-/mime-db-1.52.0.tgz 287ms (cache miss)
422 http fetch GET 200 https://registry.npmjs.org/gridstack/-/gridstack-0.6.4.tgz 337ms (cache miss)
423 http fetch GET 200 https://registry.npmjs.org/socket.io/-/socket.io-4.8.0.tgz 365ms (cache miss)
424 http fetch GET 200 https://registry.npmjs.org/node-red-node-ui-table/-/node-red-node-ui-table-0.4.4.tgz 364ms (cache miss)
425 http fetch GET 200 https://registry.npmjs.org/compression/-/compression-1.7.4.tgz 417ms (cache miss)
426 http fetch GET 200 https://registry.npmjs.org/@types/node/-/node-22.7.5.tgz 432ms (cache miss)
427 http fetch GET 200 https://registry.npmjs.org/jquery/-/jquery-3.7.1.tgz 432ms (cache miss)
428 http fetch GET 200 https://registry.npmjs.org/socket.io-adapter/-/socket.io-adapter-2.5.5.tgz 427ms (cache miss)
429 http fetch GET 200 https://registry.npmjs.org/engine.io/-/engine.io-6.6.2.tgz 461ms (cache miss)
430 http fetch GET 200 https://registry.npmjs.org/node-red-dashboard/-/node-red-dashboard-3.6.5.tgz 478ms (cache miss)
431 http fetch GET 200 https://registry.npmjs.org/debug/-/debug-4.3.7.tgz 474ms (cache miss)
432 http fetch GET 200 https://registry.npmjs.org/ms/-/ms-2.1.3.tgz 531ms (cache miss)
433 info run node-red-dashboard@3.6.5 postinstall node_modules/node-red-dashboard node fixgrid.js
434 info run node-red-dashboard@3.6.5 postinstall { code: 0, signal: null }
435 silly ADD node_modules/@socket.io/component-emitter
436 silly ADD node_modules/undici-types
437 silly ADD node_modules/ws
438 silly ADD node_modules/engine.io-parser
439 silly ADD node_modules/cookie
440 silly ADD node_modules/@types/node
441 silly ADD node_modules/@types/cors
442 silly ADD node_modules/@types/cookie
443 silly ADD node_modules/object-assign
444 silly ADD node_modules/socket.io-parser
445 silly ADD node_modules/socket.io-parser/node_modules/ms
446 silly ADD node_modules/socket.io-parser/node_modules/debug
447 silly ADD node_modules/socket.io-adapter
448 silly ADD node_modules/socket.io-adapter/node_modules/ms
449 silly ADD node_modules/socket.io-adapter/node_modules/debug
450 silly ADD node_modules/engine.io
451 silly ADD node_modules/engine.io/node_modules/ms
452 silly ADD node_modules/engine.io/node_modules/debug
453 silly ADD node_modules/cors
454 silly ADD node_modules/base64id
455 silly ADD node_modules/ee-first
456 silly ADD node_modules/toidentifier
457 silly ADD node_modules/setprototypeof
458 silly ADD node_modules/inherits
459 silly ADD node_modules/statuses
460 silly ADD node_modules/range-parser
461 silly ADD node_modules/on-finished
462 silly ADD node_modules/mime
463 silly ADD node_modules/http-errors
464 silly ADD node_modules/fresh
465 silly ADD node_modules/etag
466 silly ADD node_modules/destroy
467 silly ADD node_modules/depd
468 silly ADD node_modules/send
469 silly ADD node_modules/send/node_modules/ms
470 silly ADD node_modules/send/node_modules/encodeurl
471 silly ADD node_modules/parseurl
472 silly ADD node_modules/escape-html
473 silly ADD node_modules/encodeurl
474 silly ADD node_modules/jquery
475 silly ADD node_modules/ms
476 silly ADD node_modules/mime-db
477 silly ADD node_modules/negotiator
478 silly ADD node_modules/mime-types
479 silly ADD node_modules/mime-types/node_modules/mime-db
480 silly ADD node_modules/vary
481 silly ADD node_modules/safe-buffer
482 silly ADD node_modules/on-headers
483 silly ADD node_modules/debug
484 silly ADD node_modules/compressible
485 silly ADD node_modules/bytes
486 silly ADD node_modules/accepts
487 silly ADD node_modules/socket.io
488 silly ADD node_modules/socket.io/node_modules/ms
489 silly ADD node_modules/socket.io/node_modules/debug
490 silly ADD node_modules/serve-static
491 silly ADD node_modules/gridstack
492 silly ADD node_modules/compression
493 silly ADD node_modules/node-red-dashboard
494 silly ADD node_modules/node-red-node-ui-table
495 verbose cwd /data
496 verbose os Linux 6.6.26-linuxkit
497 verbose node v20.18.0
498 verbose npm  v10.8.2
499 verbose exit 0
500 info ok
